{"C:\\Users\\MD SAHIL HASNAIN\\Desktop\\Projects\\neuroprep\\neuroprep-frontend\\services\\api\\client.ts": {"path":"C:\\Users\\MD SAHIL HASNAIN\\Desktop\\Projects\\neuroprep\\neuroprep-frontend\\services\\api\\client.ts","statementMap":{"0":{"start":{"line":9,"column":4},"end":{"line":42,"column":5}},"1":{"start":{"line":10,"column":23},"end":{"line":10,"column":42}},"2":{"start":{"line":12,"column":23},"end":{"line":20,"column":8}},"3":{"start":{"line":22,"column":6},"end":{"line":31,"column":7}},"4":{"start":{"line":23,"column":8},"end":{"line":29,"column":9}},"5":{"start":{"line":24,"column":10},"end":{"line":28,"column":12}},"6":{"start":{"line":30,"column":8},"end":{"line":30,"column":62}},"7":{"start":{"line":33,"column":19},"end":{"line":33,"column":40}},"8":{"start":{"line":34,"column":6},"end":{"line":34,"column":18}},"9":{"start":{"line":36,"column":6},"end":{"line":36,"column":41}},"10":{"start":{"line":37,"column":6},"end":{"line":41,"column":8}},"11":{"start":{"line":46,"column":4},"end":{"line":49,"column":7}},"12":{"start":{"line":53,"column":4},"end":{"line":55,"column":7}},"13":{"start":{"line":59,"column":25},"end":{"line":59,"column":40}}},"fnMap":{"0":{"name":"(anonymous_0)","decl":{"start":{"line":5,"column":2},"end":{"line":5,"column":3}},"loc":{"start":{"line":8,"column":29},"end":{"line":43,"column":3}},"line":8},"1":{"name":"(anonymous_1)","decl":{"start":{"line":45,"column":2},"end":{"line":45,"column":3}},"loc":{"start":{"line":45,"column":65},"end":{"line":50,"column":3}},"line":45},"2":{"name":"(anonymous_2)","decl":{"start":{"line":52,"column":2},"end":{"line":52,"column":3}},"loc":{"start":{"line":52,"column":53},"end":{"line":56,"column":3}},"line":52}},"branchMap":{"0":{"loc":{"start":{"line":7,"column":4},"end":{"line":7,"column":29}},"type":"default-arg","locations":[{"start":{"line":7,"column":27},"end":{"line":7,"column":29}}],"line":7},"1":{"loc":{"start":{"line":22,"column":6},"end":{"line":31,"column":7}},"type":"if","locations":[{"start":{"line":22,"column":6},"end":{"line":31,"column":7}},{"start":{},"end":{}}],"line":22},"2":{"loc":{"start":{"line":23,"column":8},"end":{"line":29,"column":9}},"type":"if","locations":[{"start":{"line":23,"column":8},"end":{"line":29,"column":9}},{"start":{},"end":{}}],"line":23},"3":{"loc":{"start":{"line":40,"column":17},"end":{"line":40,"column":74}},"type":"cond-expr","locations":[{"start":{"line":40,"column":42},"end":{"line":40,"column":55}},{"start":{"line":40,"column":58},"end":{"line":40,"column":74}}],"line":40}},"s":{"0":0,"1":0,"2":0,"3":0,"4":0,"5":0,"6":0,"7":0,"8":0,"9":0,"10":0,"11":0,"12":0,"13":2},"f":{"0":0,"1":0,"2":0},"b":{"0":[0],"1":[0,0],"2":[0,0],"3":[0,0]},"_coverageSchema":"1a1c01bbd47fc00a2c39e90264f33305004495a9","hash":"efbe64c4a61e03e0846c056bf8abe8bfb1c0f9dd"}
,"C:\\Users\\MD SAHIL HASNAIN\\Desktop\\Projects\\neuroprep\\neuroprep-frontend\\services\\api\\documents.service.ts": {"path":"C:\\Users\\MD SAHIL HASNAIN\\Desktop\\Projects\\neuroprep\\neuroprep-frontend\\services\\api\\documents.service.ts","statementMap":{"0":{"start":{"line":15,"column":28},"end":{"line":15,"column":32}},"1":{"start":{"line":18,"column":2},"end":{"line":25,"column":3}},"2":{"start":{"line":19,"column":4},"end":{"line":24,"column":5}},"3":{"start":{"line":20,"column":19},"end":{"line":20,"column":53}},"4":{"start":{"line":21,"column":6},"end":{"line":21,"column":60}},"5":{"start":{"line":23,"column":6},"end":{"line":23,"column":64}},"6":{"start":{"line":27,"column":2},"end":{"line":27,"column":45}},"7":{"start":{"line":30,"column":32},"end":{"line":273,"column":1}},"8":{"start":{"line":37,"column":4},"end":{"line":69,"column":5}},"9":{"start":{"line":38,"column":23},"end":{"line":38,"column":42}},"10":{"start":{"line":41,"column":23},"end":{"line":41,"column":48}},"11":{"start":{"line":44,"column":29},"end":{"line":44,"column":64}},"12":{"start":{"line":47,"column":27},"end":{"line":51,"column":8}},"13":{"start":{"line":53,"column":6},"end":{"line":55,"column":7}},"14":{"start":{"line":54,"column":8},"end":{"line":54,"column":62}},"15":{"start":{"line":58,"column":6},"end":{"line":62,"column":9}},"16":{"start":{"line":64,"column":6},"end":{"line":68,"column":8}},"17":{"start":{"line":73,"column":4},"end":{"line":73,"column":70}},"18":{"start":{"line":77,"column":4},"end":{"line":79,"column":6}},"19":{"start":{"line":83,"column":4},"end":{"line":109,"column":5}},"20":{"start":{"line":84,"column":23},"end":{"line":84,"column":42}},"21":{"start":{"line":85,"column":23},"end":{"line":94,"column":7}},"22":{"start":{"line":96,"column":6},"end":{"line":98,"column":7}},"23":{"start":{"line":97,"column":8},"end":{"line":97,"column":61}},"24":{"start":{"line":100,"column":19},"end":{"line":100,"column":40}},"25":{"start":{"line":101,"column":6},"end":{"line":101,"column":18}},"26":{"start":{"line":103,"column":6},"end":{"line":103,"column":44}},"27":{"start":{"line":104,"column":6},"end":{"line":108,"column":8}},"28":{"start":{"line":113,"column":4},"end":{"line":138,"column":5}},"29":{"start":{"line":114,"column":23},"end":{"line":114,"column":42}},"30":{"start":{"line":115,"column":23},"end":{"line":123,"column":8}},"31":{"start":{"line":125,"column":6},"end":{"line":127,"column":7}},"32":{"start":{"line":126,"column":8},"end":{"line":126,"column":65}},"33":{"start":{"line":129,"column":19},"end":{"line":129,"column":40}},"34":{"start":{"line":130,"column":6},"end":{"line":130,"column":18}},"35":{"start":{"line":132,"column":6},"end":{"line":132,"column":48}},"36":{"start":{"line":133,"column":6},"end":{"line":137,"column":8}},"37":{"start":{"line":148,"column":4},"end":{"line":155,"column":5}},"38":{"start":{"line":149,"column":6},"end":{"line":154,"column":8}},"39":{"start":{"line":158,"column":4},"end":{"line":166,"column":5}},"40":{"start":{"line":159,"column":6},"end":{"line":159,"column":68}},"41":{"start":{"line":160,"column":6},"end":{"line":165,"column":8}},"42":{"start":{"line":168,"column":28},"end":{"line":173,"column":5}},"43":{"start":{"line":175,"column":4},"end":{"line":180,"column":7}},"44":{"start":{"line":184,"column":20},"end":{"line":190,"column":5}},"45":{"start":{"line":192,"column":4},"end":{"line":198,"column":7}},"46":{"start":{"line":200,"column":4},"end":{"line":200,"column":74}},"47":{"start":{"line":208,"column":4},"end":{"line":208,"column":58}},"48":{"start":{"line":209,"column":4},"end":{"line":209,"column":49}},"49":{"start":{"line":210,"column":4},"end":{"line":210,"column":54}},"50":{"start":{"line":211,"column":4},"end":{"line":211,"column":52}},"51":{"start":{"line":212,"column":4},"end":{"line":212,"column":70}},"52":{"start":{"line":213,"column":4},"end":{"line":216,"column":6}},"53":{"start":{"line":219,"column":4},"end":{"line":227,"column":5}},"54":{"start":{"line":220,"column":6},"end":{"line":220,"column":63}},"55":{"start":{"line":221,"column":6},"end":{"line":226,"column":8}},"56":{"start":{"line":230,"column":4},"end":{"line":238,"column":5}},"57":{"start":{"line":231,"column":6},"end":{"line":231,"column":64}},"58":{"start":{"line":232,"column":6},"end":{"line":237,"column":8}},"59":{"start":{"line":240,"column":28},"end":{"line":245,"column":5}},"60":{"start":{"line":247,"column":4},"end":{"line":252,"column":7}},"61":{"start":{"line":256,"column":20},"end":{"line":261,"column":5}},"62":{"start":{"line":263,"column":4},"end":{"line":269,"column":7}},"63":{"start":{"line":271,"column":4},"end":{"line":271,"column":61}}},"fnMap":{"0":{"name":"normalizeFile","decl":{"start":{"line":14,"column":15},"end":{"line":14,"column":28}},"loc":{"start":{"line":14,"column":58},"end":{"line":28,"column":1}},"line":14},"1":{"name":"(anonymous_1)","decl":{"start":{"line":31,"column":2},"end":{"line":31,"column":3}},"loc":{"start":{"line":36,"column":36},"end":{"line":70,"column":3}},"line":36},"2":{"name":"(anonymous_2)","decl":{"start":{"line":72,"column":2},"end":{"line":72,"column":3}},"loc":{"start":{"line":72,"column":57},"end":{"line":74,"column":3}},"line":72},"3":{"name":"(anonymous_3)","decl":{"start":{"line":76,"column":2},"end":{"line":76,"column":3}},"loc":{"start":{"line":76,"column":68},"end":{"line":80,"column":3}},"line":76},"4":{"name":"(anonymous_4)","decl":{"start":{"line":82,"column":2},"end":{"line":82,"column":3}},"loc":{"start":{"line":82,"column":78},"end":{"line":110,"column":3}},"line":82},"5":{"name":"(anonymous_5)","decl":{"start":{"line":112,"column":2},"end":{"line":112,"column":3}},"loc":{"start":{"line":112,"column":68},"end":{"line":139,"column":3}},"line":112},"6":{"name":"(anonymous_6)","decl":{"start":{"line":142,"column":2},"end":{"line":142,"column":3}},"loc":{"start":{"line":146,"column":31},"end":{"line":201,"column":3}},"line":146},"7":{"name":"(anonymous_7)","decl":{"start":{"line":204,"column":2},"end":{"line":204,"column":3}},"loc":{"start":{"line":207,"column":31},"end":{"line":272,"column":3}},"line":207}},"branchMap":{"0":{"loc":{"start":{"line":18,"column":2},"end":{"line":25,"column":3}},"type":"if","locations":[{"start":{"line":18,"column":2},"end":{"line":25,"column":3}},{"start":{},"end":{}}],"line":18},"1":{"loc":{"start":{"line":18,"column":6},"end":{"line":18,"column":18}},"type":"binary-expr","locations":[{"start":{"line":18,"column":6},"end":{"line":18,"column":11}},{"start":{"line":18,"column":15},"end":{"line":18,"column":18}}],"line":18},"2":{"loc":{"start":{"line":21,"column":13},"end":{"line":21,"column":59}},"type":"binary-expr","locations":[{"start":{"line":21,"column":13},"end":{"line":21,"column":32}},{"start":{"line":21,"column":36},"end":{"line":21,"column":59}}],"line":21},"3":{"loc":{"start":{"line":41,"column":23},"end":{"line":41,"column":48}},"type":"binary-expr","locations":[{"start":{"line":41,"column":23},"end":{"line":41,"column":32}},{"start":{"line":41,"column":36},"end":{"line":41,"column":48}}],"line":41},"4":{"loc":{"start":{"line":48,"column":18},"end":{"line":48,"column":59}},"type":"binary-expr","locations":[{"start":{"line":48,"column":18},"end":{"line":48,"column":44}},{"start":{"line":48,"column":48},"end":{"line":48,"column":59}}],"line":48},"5":{"loc":{"start":{"line":53,"column":6},"end":{"line":55,"column":7}},"type":"if","locations":[{"start":{"line":53,"column":6},"end":{"line":55,"column":7}},{"start":{},"end":{}}],"line":53},"6":{"loc":{"start":{"line":67,"column":17},"end":{"line":67,"column":73}},"type":"cond-expr","locations":[{"start":{"line":67,"column":42},"end":{"line":67,"column":55}},{"start":{"line":67,"column":58},"end":{"line":67,"column":73}}],"line":67},"7":{"loc":{"start":{"line":96,"column":6},"end":{"line":98,"column":7}},"type":"if","locations":[{"start":{"line":96,"column":6},"end":{"line":98,"column":7}},{"start":{},"end":{}}],"line":96},"8":{"loc":{"start":{"line":107,"column":17},"end":{"line":107,"column":73}},"type":"cond-expr","locations":[{"start":{"line":107,"column":42},"end":{"line":107,"column":55}},{"start":{"line":107,"column":58},"end":{"line":107,"column":73}}],"line":107},"9":{"loc":{"start":{"line":125,"column":6},"end":{"line":127,"column":7}},"type":"if","locations":[{"start":{"line":125,"column":6},"end":{"line":127,"column":7}},{"start":{},"end":{}}],"line":125},"10":{"loc":{"start":{"line":136,"column":17},"end":{"line":136,"column":77}},"type":"cond-expr","locations":[{"start":{"line":136,"column":42},"end":{"line":136,"column":55}},{"start":{"line":136,"column":58},"end":{"line":136,"column":77}}],"line":136},"11":{"loc":{"start":{"line":144,"column":4},"end":{"line":144,"column":31}},"type":"default-arg","locations":[{"start":{"line":144,"column":25},"end":{"line":144,"column":31}}],"line":144},"12":{"loc":{"start":{"line":145,"column":4},"end":{"line":145,"column":21}},"type":"default-arg","locations":[{"start":{"line":145,"column":20},"end":{"line":145,"column":21}}],"line":145},"13":{"loc":{"start":{"line":148,"column":4},"end":{"line":155,"column":5}},"type":"if","locations":[{"start":{"line":148,"column":4},"end":{"line":155,"column":5}},{"start":{},"end":{}}],"line":148},"14":{"loc":{"start":{"line":148,"column":8},"end":{"line":148,"column":65}},"type":"binary-expr","locations":[{"start":{"line":148,"column":8},"end":{"line":148,"column":25}},{"start":{"line":148,"column":29},"end":{"line":148,"column":65}}],"line":148},"15":{"loc":{"start":{"line":158,"column":4},"end":{"line":166,"column":5}},"type":"if","locations":[{"start":{"line":158,"column":4},"end":{"line":166,"column":5}},{"start":{},"end":{}}],"line":158},"16":{"loc":{"start":{"line":206,"column":4},"end":{"line":206,"column":32}},"type":"default-arg","locations":[{"start":{"line":206,"column":25},"end":{"line":206,"column":32}}],"line":206},"17":{"loc":{"start":{"line":212,"column":39},"end":{"line":212,"column":68}},"type":"binary-expr","locations":[{"start":{"line":212,"column":39},"end":{"line":212,"column":63}},{"start":{"line":212,"column":67},"end":{"line":212,"column":68}}],"line":212},"18":{"loc":{"start":{"line":215,"column":6},"end":{"line":215,"column":54}},"type":"binary-expr","locations":[{"start":{"line":215,"column":6},"end":{"line":215,"column":41}},{"start":{"line":215,"column":45},"end":{"line":215,"column":54}}],"line":215},"19":{"loc":{"start":{"line":219,"column":4},"end":{"line":227,"column":5}},"type":"if","locations":[{"start":{"line":219,"column":4},"end":{"line":227,"column":5}},{"start":{},"end":{}}],"line":219},"20":{"loc":{"start":{"line":219,"column":8},"end":{"line":219,"column":65}},"type":"binary-expr","locations":[{"start":{"line":219,"column":8},"end":{"line":219,"column":25}},{"start":{"line":219,"column":29},"end":{"line":219,"column":65}}],"line":219},"21":{"loc":{"start":{"line":230,"column":4},"end":{"line":238,"column":5}},"type":"if","locations":[{"start":{"line":230,"column":4},"end":{"line":238,"column":5}},{"start":{},"end":{}}],"line":230}},"s":{"0":0,"1":0,"2":0,"3":0,"4":0,"5":0,"6":0,"7":0,"8":0,"9":0,"10":0,"11":0,"12":0,"13":0,"14":0,"15":0,"16":0,"17":0,"18":0,"19":0,"20":0,"21":0,"22":0,"23":0,"24":0,"25":0,"26":0,"27":0,"28":0,"29":0,"30":0,"31":0,"32":0,"33":0,"34":0,"35":0,"36":0,"37":0,"38":0,"39":0,"40":0,"41":0,"42":0,"43":0,"44":0,"45":0,"46":0,"47":0,"48":0,"49":0,"50":0,"51":0,"52":0,"53":0,"54":0,"55":0,"56":0,"57":0,"58":0,"59":0,"60":0,"61":0,"62":0,"63":0},"f":{"0":0,"1":0,"2":0,"3":0,"4":0,"5":0,"6":0,"7":0},"b":{"0":[0,0],"1":[0,0],"2":[0,0],"3":[0,0],"4":[0,0],"5":[0,0],"6":[0,0],"7":[0,0],"8":[0,0],"9":[0,0],"10":[0,0],"11":[0],"12":[0],"13":[0,0],"14":[0,0],"15":[0,0],"16":[0],"17":[0,0],"18":[0,0],"19":[0,0],"20":[0,0],"21":[0,0]}}
,"C:\\Users\\MD SAHIL HASNAIN\\Desktop\\Projects\\neuroprep\\neuroprep-frontend\\services\\api\\doubts.service.ts": {"path":"C:\\Users\\MD SAHIL HASNAIN\\Desktop\\Projects\\neuroprep\\neuroprep-frontend\\services\\api\\doubts.service.ts","statementMap":{"0":{"start":{"line":11,"column":29},"end":{"line":51,"column":1}},"1":{"start":{"line":27,"column":37},"end":{"line":29,"column":5}},"2":{"start":{"line":31,"column":4},"end":{"line":33,"column":5}},"3":{"start":{"line":32,"column":6},"end":{"line":32,"column":46}},"4":{"start":{"line":35,"column":4},"end":{"line":37,"column":5}},"5":{"start":{"line":36,"column":6},"end":{"line":36,"column":48}},"6":{"start":{"line":39,"column":4},"end":{"line":41,"column":5}},"7":{"start":{"line":40,"column":6},"end":{"line":40,"column":48}},"8":{"start":{"line":43,"column":4},"end":{"line":43,"column":78}},"9":{"start":{"line":47,"column":4},"end":{"line":49,"column":6}}},"fnMap":{"0":{"name":"(anonymous_0)","decl":{"start":{"line":12,"column":2},"end":{"line":12,"column":3}},"loc":{"start":{"line":26,"column":44},"end":{"line":44,"column":3}},"line":26},"1":{"name":"(anonymous_1)","decl":{"start":{"line":46,"column":2},"end":{"line":46,"column":3}},"loc":{"start":{"line":46,"column":74},"end":{"line":50,"column":3}},"line":46}},"branchMap":{"0":{"loc":{"start":{"line":31,"column":4},"end":{"line":33,"column":5}},"type":"if","locations":[{"start":{"line":31,"column":4},"end":{"line":33,"column":5}},{"start":{},"end":{}}],"line":31},"1":{"loc":{"start":{"line":31,"column":8},"end":{"line":31,"column":51}},"type":"binary-expr","locations":[{"start":{"line":31,"column":8},"end":{"line":31,"column":22}},{"start":{"line":31,"column":26},"end":{"line":31,"column":51}}],"line":31},"2":{"loc":{"start":{"line":35,"column":4},"end":{"line":37,"column":5}},"type":"if","locations":[{"start":{"line":35,"column":4},"end":{"line":37,"column":5}},{"start":{},"end":{}}],"line":35},"3":{"loc":{"start":{"line":39,"column":4},"end":{"line":41,"column":5}},"type":"if","locations":[{"start":{"line":39,"column":4},"end":{"line":41,"column":5}},{"start":{},"end":{}}],"line":39},"4":{"loc":{"start":{"line":46,"column":19},"end":{"line":46,"column":29}},"type":"default-arg","locations":[{"start":{"line":46,"column":27},"end":{"line":46,"column":29}}],"line":46},"5":{"loc":{"start":{"line":46,"column":31},"end":{"line":46,"column":41}},"type":"default-arg","locations":[{"start":{"line":46,"column":40},"end":{"line":46,"column":41}}],"line":46}},"s":{"0":0,"1":0,"2":0,"3":0,"4":0,"5":0,"6":0,"7":0,"8":0,"9":0},"f":{"0":0,"1":0},"b":{"0":[0,0],"1":[0,0],"2":[0,0],"3":[0,0],"4":[0],"5":[0]}}
,"C:\\Users\\MD SAHIL HASNAIN\\Desktop\\Projects\\neuroprep\\neuroprep-frontend\\services\\api\\flashcards.service.ts": {"path":"C:\\Users\\MD SAHIL HASNAIN\\Desktop\\Projects\\neuroprep\\neuroprep-frontend\\services\\api\\flashcards.service.ts","statementMap":{"0":{"start":{"line":10,"column":33},"end":{"line":57,"column":1}},"1":{"start":{"line":15,"column":4},"end":{"line":15,"column":79}},"2":{"start":{"line":24,"column":4},"end":{"line":26,"column":6}},"3":{"start":{"line":33,"column":4},"end":{"line":38,"column":6}},"4":{"start":{"line":55,"column":4},"end":{"line":55,"column":69}}},"fnMap":{"0":{"name":"(anonymous_0)","decl":{"start":{"line":14,"column":2},"end":{"line":14,"column":3}},"loc":{"start":{"line":14,"column":59},"end":{"line":16,"column":3}},"line":14},"1":{"name":"(anonymous_1)","decl":{"start":{"line":21,"column":2},"end":{"line":21,"column":3}},"loc":{"start":{"line":23,"column":71},"end":{"line":27,"column":3}},"line":23},"2":{"name":"(anonymous_2)","decl":{"start":{"line":32,"column":2},"end":{"line":32,"column":3}},"loc":{"start":{"line":32,"column":78},"end":{"line":39,"column":3}},"line":32},"3":{"name":"(anonymous_3)","decl":{"start":{"line":44,"column":2},"end":{"line":44,"column":3}},"loc":{"start":{"line":54,"column":4},"end":{"line":56,"column":3}},"line":54}},"branchMap":{},"s":{"0":2,"1":1,"2":1,"3":1,"4":2},"f":{"0":1,"1":1,"2":1,"3":2},"b":{},"_coverageSchema":"1a1c01bbd47fc00a2c39e90264f33305004495a9","hash":"11a107333d29b3597647205d408c11cbcf9e9c25"}
,"C:\\Users\\MD SAHIL HASNAIN\\Desktop\\Projects\\neuroprep\\neuroprep-frontend\\services\\api\\notes.service.ts": {"path":"C:\\Users\\MD SAHIL HASNAIN\\Desktop\\Projects\\neuroprep\\neuroprep-frontend\\services\\api\\notes.service.ts","statementMap":{"0":{"start":{"line":5,"column":28},"end":{"line":13,"column":1}},"1":{"start":{"line":7,"column":4},"end":{"line":7,"column":55}},"2":{"start":{"line":11,"column":4},"end":{"line":11,"column":99}}},"fnMap":{"0":{"name":"(anonymous_0)","decl":{"start":{"line":6,"column":2},"end":{"line":6,"column":3}},"loc":{"start":{"line":6,"column":97},"end":{"line":8,"column":3}},"line":6},"1":{"name":"(anonymous_1)","decl":{"start":{"line":10,"column":2},"end":{"line":10,"column":3}},"loc":{"start":{"line":10,"column":73},"end":{"line":12,"column":3}},"line":10}},"branchMap":{"0":{"loc":{"start":{"line":10,"column":19},"end":{"line":10,"column":29}},"type":"default-arg","locations":[{"start":{"line":10,"column":27},"end":{"line":10,"column":29}}],"line":10},"1":{"loc":{"start":{"line":10,"column":31},"end":{"line":10,"column":41}},"type":"default-arg","locations":[{"start":{"line":10,"column":40},"end":{"line":10,"column":41}}],"line":10}},"s":{"0":0,"1":0,"2":0},"f":{"0":0,"1":0},"b":{"0":[0],"1":[0]}}
,"C:\\Users\\MD SAHIL HASNAIN\\Desktop\\Projects\\neuroprep\\neuroprep-frontend\\services\\api\\questions.service.ts": {"path":"C:\\Users\\MD SAHIL HASNAIN\\Desktop\\Projects\\neuroprep\\neuroprep-frontend\\services\\api\\questions.service.ts","statementMap":{"0":{"start":{"line":5,"column":32},"end":{"line":13,"column":1}},"1":{"start":{"line":7,"column":4},"end":{"line":7,"column":68}},"2":{"start":{"line":11,"column":4},"end":{"line":11,"column":116}}},"fnMap":{"0":{"name":"(anonymous_0)","decl":{"start":{"line":6,"column":2},"end":{"line":6,"column":3}},"loc":{"start":{"line":6,"column":109},"end":{"line":8,"column":3}},"line":6},"1":{"name":"(anonymous_1)","decl":{"start":{"line":10,"column":2},"end":{"line":10,"column":3}},"loc":{"start":{"line":10,"column":86},"end":{"line":12,"column":3}},"line":10}},"branchMap":{"0":{"loc":{"start":{"line":10,"column":19},"end":{"line":10,"column":29}},"type":"default-arg","locations":[{"start":{"line":10,"column":27},"end":{"line":10,"column":29}}],"line":10},"1":{"loc":{"start":{"line":10,"column":31},"end":{"line":10,"column":41}},"type":"default-arg","locations":[{"start":{"line":10,"column":40},"end":{"line":10,"column":41}}],"line":10}},"s":{"0":0,"1":0,"2":0},"f":{"0":0,"1":0},"b":{"0":[0],"1":[0]}}
,"C:\\Users\\MD SAHIL HASNAIN\\Desktop\\Projects\\neuroprep\\neuroprep-frontend\\services\\api\\subscription.service.ts": {"path":"C:\\Users\\MD SAHIL HASNAIN\\Desktop\\Projects\\neuroprep\\neuroprep-frontend\\services\\api\\subscription.service.ts","statementMap":{"0":{"start":{"line":11,"column":35},"end":{"line":27,"column":1}},"1":{"start":{"line":13,"column":4},"end":{"line":13,"column":56}},"2":{"start":{"line":17,"column":4},"end":{"line":17,"column":71}},"3":{"start":{"line":21,"column":4},"end":{"line":21,"column":69}},"4":{"start":{"line":25,"column":4},"end":{"line":25,"column":73}}},"fnMap":{"0":{"name":"(anonymous_0)","decl":{"start":{"line":12,"column":2},"end":{"line":12,"column":3}},"loc":{"start":{"line":12,"column":66},"end":{"line":14,"column":3}},"line":12},"1":{"name":"(anonymous_1)","decl":{"start":{"line":16,"column":2},"end":{"line":16,"column":3}},"loc":{"start":{"line":16,"column":104},"end":{"line":18,"column":3}},"line":16},"2":{"name":"(anonymous_2)","decl":{"start":{"line":20,"column":2},"end":{"line":20,"column":3}},"loc":{"start":{"line":20,"column":85},"end":{"line":22,"column":3}},"line":20},"3":{"name":"(anonymous_3)","decl":{"start":{"line":24,"column":2},"end":{"line":24,"column":3}},"loc":{"start":{"line":24,"column":72},"end":{"line":26,"column":3}},"line":24}},"branchMap":{},"s":{"0":0,"1":0,"2":0,"3":0,"4":0},"f":{"0":0,"1":0,"2":0,"3":0},"b":{}}
,"C:\\Users\\MD SAHIL HASNAIN\\Desktop\\Projects\\neuroprep\\neuroprep-frontend\\services\\storage\\doubts.storage.ts": {"path":"C:\\Users\\MD SAHIL HASNAIN\\Desktop\\Projects\\neuroprep\\neuroprep-frontend\\services\\storage\\doubts.storage.ts","statementMap":{"0":{"start":{"line":7,"column":20},"end":{"line":7,"column":39}},"1":{"start":{"line":9,"column":37},"end":{"line":21,"column":1}},"2":{"start":{"line":10,"column":19},"end":{"line":10,"column":42}},"3":{"start":{"line":12,"column":2},"end":{"line":12,"column":23}},"4":{"start":{"line":12,"column":13},"end":{"line":12,"column":23}},"5":{"start":{"line":14,"column":2},"end":{"line":20,"column":3}},"6":{"start":{"line":15,"column":21},"end":{"line":15,"column":53}},"7":{"start":{"line":16,"column":4},"end":{"line":16,"column":31}},"8":{"start":{"line":18,"column":4},"end":{"line":18,"column":63}},"9":{"start":{"line":19,"column":4},"end":{"line":19,"column":14}},"10":{"start":{"line":23,"column":34},"end":{"line":32,"column":1}},"11":{"start":{"line":27,"column":19},"end":{"line":27,"column":42}},"12":{"start":{"line":29,"column":2},"end":{"line":29,"column":20}},"13":{"start":{"line":29,"column":13},"end":{"line":29,"column":20}},"14":{"start":{"line":31,"column":2},"end":{"line":31,"column":51}},"15":{"start":{"line":34,"column":38},"end":{"line":40,"column":1}},"16":{"start":{"line":35,"column":19},"end":{"line":35,"column":42}},"17":{"start":{"line":37,"column":2},"end":{"line":37,"column":20}},"18":{"start":{"line":37,"column":13},"end":{"line":37,"column":20}},"19":{"start":{"line":39,"column":2},"end":{"line":39,"column":59}}},"fnMap":{"0":{"name":"(anonymous_0)","decl":{"start":{"line":9,"column":37},"end":{"line":9,"column":38}},"loc":{"start":{"line":9,"column":67},"end":{"line":21,"column":1}},"line":9},"1":{"name":"(anonymous_1)","decl":{"start":{"line":23,"column":34},"end":{"line":23,"column":35}},"loc":{"start":{"line":26,"column":20},"end":{"line":32,"column":1}},"line":26},"2":{"name":"(anonymous_2)","decl":{"start":{"line":34,"column":38},"end":{"line":34,"column":39}},"loc":{"start":{"line":34,"column":75},"end":{"line":40,"column":1}},"line":34}},"branchMap":{"0":{"loc":{"start":{"line":12,"column":2},"end":{"line":12,"column":23}},"type":"if","locations":[{"start":{"line":12,"column":2},"end":{"line":12,"column":23}},{"start":{},"end":{}}],"line":12},"1":{"loc":{"start":{"line":16,"column":11},"end":{"line":16,"column":30}},"type":"binary-expr","locations":[{"start":{"line":16,"column":11},"end":{"line":16,"column":24}},{"start":{"line":16,"column":28},"end":{"line":16,"column":30}}],"line":16},"2":{"loc":{"start":{"line":29,"column":2},"end":{"line":29,"column":20}},"type":"if","locations":[{"start":{"line":29,"column":2},"end":{"line":29,"column":20}},{"start":{},"end":{}}],"line":29},"3":{"loc":{"start":{"line":37,"column":2},"end":{"line":37,"column":20}},"type":"if","locations":[{"start":{"line":37,"column":2},"end":{"line":37,"column":20}},{"start":{},"end":{}}],"line":37}},"s":{"0":0,"1":0,"2":0,"3":0,"4":0,"5":0,"6":0,"7":0,"8":0,"9":0,"10":0,"11":0,"12":0,"13":0,"14":0,"15":0,"16":0,"17":0,"18":0,"19":0},"f":{"0":0,"1":0,"2":0},"b":{"0":[0,0],"1":[0,0],"2":[0,0],"3":[0,0]}}
,"C:\\Users\\MD SAHIL HASNAIN\\Desktop\\Projects\\neuroprep\\neuroprep-frontend\\services\\storage\\notes.storage.ts": {"path":"C:\\Users\\MD SAHIL HASNAIN\\Desktop\\Projects\\neuroprep\\neuroprep-frontend\\services\\storage\\notes.storage.ts","statementMap":{"0":{"start":{"line":8,"column":20},"end":{"line":8,"column":38}},"1":{"start":{"line":10,"column":36},"end":{"line":50,"column":1}},"2":{"start":{"line":11,"column":19},"end":{"line":11,"column":42}},"3":{"start":{"line":13,"column":2},"end":{"line":36,"column":3}},"4":{"start":{"line":14,"column":4},"end":{"line":35,"column":5}},"5":{"start":{"line":15,"column":23},"end":{"line":15,"column":54}},"6":{"start":{"line":16,"column":20},"end":{"line":16,"column":39}},"7":{"start":{"line":19,"column":6},"end":{"line":31,"column":10}},"8":{"start":{"line":19,"column":39},"end":{"line":31,"column":7}},"9":{"start":{"line":33,"column":6},"end":{"line":33,"column":64}},"10":{"start":{"line":34,"column":6},"end":{"line":34,"column":16}},"11":{"start":{"line":39,"column":2},"end":{"line":49,"column":3}},"12":{"start":{"line":40,"column":19},"end":{"line":40,"column":58}},"13":{"start":{"line":41,"column":4},"end":{"line":44,"column":5}},"14":{"start":{"line":42,"column":40},"end":{"line":42,"column":58}},"15":{"start":{"line":43,"column":6},"end":{"line":43,"column":45}},"16":{"start":{"line":43,"column":35},"end":{"line":43,"column":43}},"17":{"start":{"line":45,"column":4},"end":{"line":45,"column":14}},"18":{"start":{"line":47,"column":4},"end":{"line":47,"column":68}},"19":{"start":{"line":48,"column":4},"end":{"line":48,"column":14}},"20":{"start":{"line":52,"column":33},"end":{"line":91,"column":1}},"21":{"start":{"line":60,"column":19},"end":{"line":60,"column":42}},"22":{"start":{"line":63,"column":2},"end":{"line":66,"column":3}},"23":{"start":{"line":64,"column":4},"end":{"line":64,"column":52}},"24":{"start":{"line":65,"column":4},"end":{"line":65,"column":11}},"25":{"start":{"line":69,"column":2},"end":{"line":90,"column":3}},"26":{"start":{"line":70,"column":19},"end":{"line":70,"column":58}},"27":{"start":{"line":71,"column":42},"end":{"line":71,"column":74}},"28":{"start":{"line":73,"column":21},"end":{"line":73,"column":45}},"29":{"start":{"line":74,"column":18},"end":{"line":74,"column":84}},"30":{"start":{"line":76,"column":34},"end":{"line":83,"column":5}},"31":{"start":{"line":85,"column":24},"end":{"line":85,"column":62}},"32":{"start":{"line":86,"column":4},"end":{"line":86,"column":73}},"33":{"start":{"line":87,"column":4},"end":{"line":87,"column":41}},"34":{"start":{"line":89,"column":4},"end":{"line":89,"column":64}},"35":{"start":{"line":93,"column":37},"end":{"line":113,"column":1}},"36":{"start":{"line":94,"column":19},"end":{"line":94,"column":42}},"37":{"start":{"line":96,"column":2},"end":{"line":99,"column":3}},"38":{"start":{"line":97,"column":4},"end":{"line":97,"column":61}},"39":{"start":{"line":98,"column":4},"end":{"line":98,"column":11}},"40":{"start":{"line":102,"column":2},"end":{"line":112,"column":3}},"41":{"start":{"line":103,"column":19},"end":{"line":103,"column":58}},"42":{"start":{"line":104,"column":4},"end":{"line":109,"column":5}},"43":{"start":{"line":105,"column":44},"end":{"line":105,"column":62}},"44":{"start":{"line":106,"column":26},"end":{"line":106,"column":78}},"45":{"start":{"line":106,"column":55},"end":{"line":106,"column":77}},"46":{"start":{"line":107,"column":6},"end":{"line":107,"column":75}},"47":{"start":{"line":108,"column":6},"end":{"line":108,"column":45}},"48":{"start":{"line":111,"column":4},"end":{"line":111,"column":68}}},"fnMap":{"0":{"name":"(anonymous_0)","decl":{"start":{"line":10,"column":36},"end":{"line":10,"column":37}},"loc":{"start":{"line":10,"column":65},"end":{"line":50,"column":1}},"line":10},"1":{"name":"(anonymous_1)","decl":{"start":{"line":19,"column":23},"end":{"line":19,"column":24}},"loc":{"start":{"line":19,"column":39},"end":{"line":31,"column":7}},"line":19},"2":{"name":"(anonymous_2)","decl":{"start":{"line":43,"column":26},"end":{"line":43,"column":27}},"loc":{"start":{"line":43,"column":35},"end":{"line":43,"column":43}},"line":43},"3":{"name":"(anonymous_3)","decl":{"start":{"line":52,"column":33},"end":{"line":52,"column":34}},"loc":{"start":{"line":59,"column":20},"end":{"line":91,"column":1}},"line":59},"4":{"name":"(anonymous_4)","decl":{"start":{"line":93,"column":37},"end":{"line":93,"column":38}},"loc":{"start":{"line":93,"column":78},"end":{"line":113,"column":1}},"line":93},"5":{"name":"(anonymous_5)","decl":{"start":{"line":106,"column":46},"end":{"line":106,"column":47}},"loc":{"start":{"line":106,"column":55},"end":{"line":106,"column":77}},"line":106}},"branchMap":{"0":{"loc":{"start":{"line":13,"column":2},"end":{"line":36,"column":3}},"type":"if","locations":[{"start":{"line":13,"column":2},"end":{"line":36,"column":3}},{"start":{},"end":{}}],"line":13},"1":{"loc":{"start":{"line":16,"column":20},"end":{"line":16,"column":39}},"type":"binary-expr","locations":[{"start":{"line":16,"column":20},"end":{"line":16,"column":33}},{"start":{"line":16,"column":37},"end":{"line":16,"column":39}}],"line":16},"2":{"loc":{"start":{"line":22,"column":14},"end":{"line":30,"column":10}},"type":"cond-expr","locations":[{"start":{"line":22,"column":31},"end":{"line":26,"column":10}},{"start":{"line":26,"column":13},"end":{"line":30,"column":10}}],"line":22},"3":{"loc":{"start":{"line":41,"column":4},"end":{"line":44,"column":5}},"type":"if","locations":[{"start":{"line":41,"column":4},"end":{"line":44,"column":5}},{"start":{},"end":{}}],"line":41},"4":{"loc":{"start":{"line":63,"column":2},"end":{"line":66,"column":3}},"type":"if","locations":[{"start":{"line":63,"column":2},"end":{"line":66,"column":3}},{"start":{},"end":{}}],"line":63},"5":{"loc":{"start":{"line":71,"column":42},"end":{"line":71,"column":74}},"type":"cond-expr","locations":[{"start":{"line":71,"column":51},"end":{"line":71,"column":69}},{"start":{"line":71,"column":72},"end":{"line":71,"column":74}}],"line":71},"6":{"loc":{"start":{"line":96,"column":2},"end":{"line":99,"column":3}},"type":"if","locations":[{"start":{"line":96,"column":2},"end":{"line":99,"column":3}},{"start":{},"end":{}}],"line":96},"7":{"loc":{"start":{"line":104,"column":4},"end":{"line":109,"column":5}},"type":"if","locations":[{"start":{"line":104,"column":4},"end":{"line":109,"column":5}},{"start":{},"end":{}}],"line":104}},"s":{"0":0,"1":0,"2":0,"3":0,"4":0,"5":0,"6":0,"7":0,"8":0,"9":0,"10":0,"11":0,"12":0,"13":0,"14":0,"15":0,"16":0,"17":0,"18":0,"19":0,"20":0,"21":0,"22":0,"23":0,"24":0,"25":0,"26":0,"27":0,"28":0,"29":0,"30":0,"31":0,"32":0,"33":0,"34":0,"35":0,"36":0,"37":0,"38":0,"39":0,"40":0,"41":0,"42":0,"43":0,"44":0,"45":0,"46":0,"47":0,"48":0},"f":{"0":0,"1":0,"2":0,"3":0,"4":0,"5":0},"b":{"0":[0,0],"1":[0,0],"2":[0,0],"3":[0,0],"4":[0,0],"5":[0,0],"6":[0,0],"7":[0,0]}}
,"C:\\Users\\MD SAHIL HASNAIN\\Desktop\\Projects\\neuroprep\\neuroprep-frontend\\services\\storage\\questions.storage.ts": {"path":"C:\\Users\\MD SAHIL HASNAIN\\Desktop\\Projects\\neuroprep\\neuroprep-frontend\\services\\storage\\questions.storage.ts","statementMap":{"0":{"start":{"line":7,"column":20},"end":{"line":7,"column":42}},"1":{"start":{"line":9,"column":40},"end":{"line":35,"column":1}},"2":{"start":{"line":12,"column":19},"end":{"line":12,"column":42}},"3":{"start":{"line":14,"column":2},"end":{"line":22,"column":3}},"4":{"start":{"line":15,"column":4},"end":{"line":21,"column":5}},"5":{"start":{"line":16,"column":23},"end":{"line":16,"column":58}},"6":{"start":{"line":17,"column":6},"end":{"line":17,"column":33}},"7":{"start":{"line":19,"column":6},"end":{"line":19,"column":68}},"8":{"start":{"line":20,"column":6},"end":{"line":20,"column":16}},"9":{"start":{"line":25,"column":2},"end":{"line":34,"column":3}},"10":{"start":{"line":26,"column":19},"end":{"line":26,"column":58}},"11":{"start":{"line":27,"column":4},"end":{"line":29,"column":5}},"12":{"start":{"line":28,"column":6},"end":{"line":28,"column":32}},"13":{"start":{"line":30,"column":4},"end":{"line":30,"column":14}},"14":{"start":{"line":32,"column":4},"end":{"line":32,"column":72}},"15":{"start":{"line":33,"column":4},"end":{"line":33,"column":14}},"16":{"start":{"line":37,"column":38},"end":{"line":87,"column":1}},"17":{"start":{"line":47,"column":19},"end":{"line":47,"column":42}},"18":{"start":{"line":50,"column":2},"end":{"line":53,"column":3}},"19":{"start":{"line":51,"column":4},"end":{"line":51,"column":57}},"20":{"start":{"line":52,"column":4},"end":{"line":52,"column":11}},"21":{"start":{"line":56,"column":2},"end":{"line":86,"column":3}},"22":{"start":{"line":57,"column":19},"end":{"line":57,"column":58}},"23":{"start":{"line":58,"column":46},"end":{"line":58,"column":78}},"24":{"start":{"line":60,"column":21},"end":{"line":60,"column":43}},"25":{"start":{"line":61,"column":18},"end":{"line":61,"column":115}},"26":{"start":{"line":63,"column":38},"end":{"line":79,"column":5}},"27":{"start":{"line":81,"column":24},"end":{"line":81,"column":62}},"28":{"start":{"line":82,"column":4},"end":{"line":82,"column":73}},"29":{"start":{"line":83,"column":4},"end":{"line":83,"column":46}},"30":{"start":{"line":85,"column":4},"end":{"line":85,"column":69}},"31":{"start":{"line":89,"column":41},"end":{"line":109,"column":1}},"32":{"start":{"line":90,"column":19},"end":{"line":90,"column":42}},"33":{"start":{"line":92,"column":2},"end":{"line":95,"column":3}},"34":{"start":{"line":93,"column":4},"end":{"line":93,"column":61}},"35":{"start":{"line":94,"column":4},"end":{"line":94,"column":11}},"36":{"start":{"line":98,"column":2},"end":{"line":108,"column":3}},"37":{"start":{"line":99,"column":19},"end":{"line":99,"column":58}},"38":{"start":{"line":100,"column":4},"end":{"line":105,"column":5}},"39":{"start":{"line":101,"column":48},"end":{"line":101,"column":66}},"40":{"start":{"line":102,"column":26},"end":{"line":102,"column":69}},"41":{"start":{"line":102,"column":55},"end":{"line":102,"column":68}},"42":{"start":{"line":103,"column":6},"end":{"line":103,"column":75}},"43":{"start":{"line":104,"column":6},"end":{"line":104,"column":50}},"44":{"start":{"line":107,"column":4},"end":{"line":107,"column":73}}},"fnMap":{"0":{"name":"(anonymous_0)","decl":{"start":{"line":9,"column":40},"end":{"line":9,"column":41}},"loc":{"start":{"line":11,"column":5},"end":{"line":35,"column":1}},"line":11},"1":{"name":"(anonymous_1)","decl":{"start":{"line":37,"column":38},"end":{"line":37,"column":39}},"loc":{"start":{"line":46,"column":20},"end":{"line":87,"column":1}},"line":46},"2":{"name":"(anonymous_2)","decl":{"start":{"line":89,"column":41},"end":{"line":89,"column":42}},"loc":{"start":{"line":89,"column":78},"end":{"line":109,"column":1}},"line":89},"3":{"name":"(anonymous_3)","decl":{"start":{"line":102,"column":46},"end":{"line":102,"column":47}},"loc":{"start":{"line":102,"column":55},"end":{"line":102,"column":68}},"line":102}},"branchMap":{"0":{"loc":{"start":{"line":14,"column":2},"end":{"line":22,"column":3}},"type":"if","locations":[{"start":{"line":14,"column":2},"end":{"line":22,"column":3}},{"start":{},"end":{}}],"line":14},"1":{"loc":{"start":{"line":17,"column":13},"end":{"line":17,"column":32}},"type":"binary-expr","locations":[{"start":{"line":17,"column":13},"end":{"line":17,"column":26}},{"start":{"line":17,"column":30},"end":{"line":17,"column":32}}],"line":17},"2":{"loc":{"start":{"line":27,"column":4},"end":{"line":29,"column":5}},"type":"if","locations":[{"start":{"line":27,"column":4},"end":{"line":29,"column":5}},{"start":{},"end":{}}],"line":27},"3":{"loc":{"start":{"line":50,"column":2},"end":{"line":53,"column":3}},"type":"if","locations":[{"start":{"line":50,"column":2},"end":{"line":53,"column":3}},{"start":{},"end":{}}],"line":50},"4":{"loc":{"start":{"line":58,"column":46},"end":{"line":58,"column":78}},"type":"cond-expr","locations":[{"start":{"line":58,"column":55},"end":{"line":58,"column":73}},{"start":{"line":58,"column":76},"end":{"line":58,"column":78}}],"line":58},"5":{"loc":{"start":{"line":73,"column":20},"end":{"line":78,"column":19}},"type":"cond-expr","locations":[{"start":{"line":74,"column":10},"end":{"line":77,"column":11}},{"start":{"line":78,"column":10},"end":{"line":78,"column":19}}],"line":73},"6":{"loc":{"start":{"line":92,"column":2},"end":{"line":95,"column":3}},"type":"if","locations":[{"start":{"line":92,"column":2},"end":{"line":95,"column":3}},{"start":{},"end":{}}],"line":92},"7":{"loc":{"start":{"line":100,"column":4},"end":{"line":105,"column":5}},"type":"if","locations":[{"start":{"line":100,"column":4},"end":{"line":105,"column":5}},{"start":{},"end":{}}],"line":100}},"s":{"0":0,"1":0,"2":0,"3":0,"4":0,"5":0,"6":0,"7":0,"8":0,"9":0,"10":0,"11":0,"12":0,"13":0,"14":0,"15":0,"16":0,"17":0,"18":0,"19":0,"20":0,"21":0,"22":0,"23":0,"24":0,"25":0,"26":0,"27":0,"28":0,"29":0,"30":0,"31":0,"32":0,"33":0,"34":0,"35":0,"36":0,"37":0,"38":0,"39":0,"40":0,"41":0,"42":0,"43":0,"44":0},"f":{"0":0,"1":0,"2":0,"3":0},"b":{"0":[0,0],"1":[0,0],"2":[0,0],"3":[0,0],"4":[0,0],"5":[0,0],"6":[0,0],"7":[0,0]}}
,"C:\\Users\\MD SAHIL HASNAIN\\Desktop\\Projects\\neuroprep\\neuroprep-frontend\\store\\authStore.ts": {"path":"C:\\Users\\MD SAHIL HASNAIN\\Desktop\\Projects\\neuroprep\\neuroprep-frontend\\store\\authStore.ts","statementMap":{"0":{"start":{"line":18,"column":28},"end":{"line":97,"column":3}},"1":{"start":{"line":18,"column":56},"end":{"line":97,"column":1}},"2":{"start":{"line":26,"column":4},"end":{"line":29,"column":5}},"3":{"start":{"line":27,"column":6},"end":{"line":27,"column":42}},"4":{"start":{"line":28,"column":6},"end":{"line":28,"column":13}},"5":{"start":{"line":31,"column":4},"end":{"line":40,"column":5}},"6":{"start":{"line":32,"column":26},"end":{"line":32,"column":45}},"7":{"start":{"line":33,"column":6},"end":{"line":33,"column":33}},"8":{"start":{"line":35,"column":6},"end":{"line":35,"column":54}},"9":{"start":{"line":37,"column":6},"end":{"line":37,"column":26}},"10":{"start":{"line":39,"column":6},"end":{"line":39,"column":30}},"11":{"start":{"line":45,"column":4},"end":{"line":48,"column":5}},"12":{"start":{"line":46,"column":6},"end":{"line":46,"column":59}},"13":{"start":{"line":47,"column":6},"end":{"line":47,"column":13}},"14":{"start":{"line":50,"column":4},"end":{"line":55,"column":7}},"15":{"start":{"line":56,"column":4},"end":{"line":59,"column":7}},"16":{"start":{"line":60,"column":24},"end":{"line":60,"column":43}},"17":{"start":{"line":61,"column":4},"end":{"line":61,"column":31}},"18":{"start":{"line":63,"column":4},"end":{"line":63,"column":52}},"19":{"start":{"line":68,"column":4},"end":{"line":71,"column":5}},"20":{"start":{"line":69,"column":6},"end":{"line":69,"column":58}},"21":{"start":{"line":70,"column":6},"end":{"line":70,"column":13}},"22":{"start":{"line":73,"column":4},"end":{"line":76,"column":7}},"23":{"start":{"line":77,"column":24},"end":{"line":77,"column":43}},"24":{"start":{"line":78,"column":4},"end":{"line":78,"column":31}},"25":{"start":{"line":80,"column":4},"end":{"line":80,"column":52}},"26":{"start":{"line":85,"column":4},"end":{"line":88,"column":5}},"27":{"start":{"line":86,"column":6},"end":{"line":86,"column":59}},"28":{"start":{"line":87,"column":6},"end":{"line":87,"column":13}},"29":{"start":{"line":90,"column":4},"end":{"line":92,"column":7}},"30":{"start":{"line":93,"column":4},"end":{"line":93,"column":24}},"31":{"start":{"line":95,"column":4},"end":{"line":95,"column":52}}},"fnMap":{"0":{"name":"(anonymous_0)","decl":{"start":{"line":18,"column":46},"end":{"line":18,"column":47}},"loc":{"start":{"line":18,"column":56},"end":{"line":97,"column":1}},"line":18},"1":{"name":"(anonymous_1)","decl":{"start":{"line":24,"column":16},"end":{"line":24,"column":17}},"loc":{"start":{"line":24,"column":28},"end":{"line":41,"column":3}},"line":24},"2":{"name":"(anonymous_2)","decl":{"start":{"line":43,"column":10},"end":{"line":43,"column":11}},"loc":{"start":{"line":43,"column":43},"end":{"line":64,"column":3}},"line":43},"3":{"name":"(anonymous_3)","decl":{"start":{"line":66,"column":9},"end":{"line":66,"column":10}},"loc":{"start":{"line":66,"column":36},"end":{"line":81,"column":3}},"line":66},"4":{"name":"(anonymous_4)","decl":{"start":{"line":83,"column":10},"end":{"line":83,"column":11}},"loc":{"start":{"line":83,"column":22},"end":{"line":96,"column":3}},"line":83}},"branchMap":{"0":{"loc":{"start":{"line":22,"column":11},"end":{"line":22,"column":43}},"type":"cond-expr","locations":[{"start":{"line":22,"column":31},"end":{"line":22,"column":36}},{"start":{"line":22,"column":39},"end":{"line":22,"column":43}}],"line":22},"1":{"loc":{"start":{"line":26,"column":4},"end":{"line":29,"column":5}},"type":"if","locations":[{"start":{"line":26,"column":4},"end":{"line":29,"column":5}},{"start":{},"end":{}}],"line":26},"2":{"loc":{"start":{"line":45,"column":4},"end":{"line":48,"column":5}},"type":"if","locations":[{"start":{"line":45,"column":4},"end":{"line":48,"column":5}},{"start":{},"end":{}}],"line":45},"3":{"loc":{"start":{"line":68,"column":4},"end":{"line":71,"column":5}},"type":"if","locations":[{"start":{"line":68,"column":4},"end":{"line":71,"column":5}},{"start":{},"end":{}}],"line":68},"4":{"loc":{"start":{"line":85,"column":4},"end":{"line":88,"column":5}},"type":"if","locations":[{"start":{"line":85,"column":4},"end":{"line":88,"column":5}},{"start":{},"end":{}}],"line":85}},"s":{"0":0,"1":0,"2":0,"3":0,"4":0,"5":0,"6":0,"7":0,"8":0,"9":0,"10":0,"11":0,"12":0,"13":0,"14":0,"15":0,"16":0,"17":0,"18":0,"19":0,"20":0,"21":0,"22":0,"23":0,"24":0,"25":0,"26":0,"27":0,"28":0,"29":0,"30":0,"31":0},"f":{"0":0,"1":0,"2":0,"3":0,"4":0},"b":{"0":[0,0],"1":[0,0],"2":[0,0],"3":[0,0],"4":[0,0]}}
,"C:\\Users\\MD SAHIL HASNAIN\\Desktop\\Projects\\neuroprep\\neuroprep-frontend\\store\\documentStore.ts": {"path":"C:\\Users\\MD SAHIL HASNAIN\\Desktop\\Projects\\neuroprep\\neuroprep-frontend\\store\\documentStore.ts","statementMap":{"0":{"start":{"line":58,"column":48},"end":{"line":61,"column":1}},"1":{"start":{"line":63,"column":64},"end":{"line":66,"column":1}},"2":{"start":{"line":68,"column":32},"end":{"line":583,"column":3}},"3":{"start":{"line":68,"column":69},"end":{"line":583,"column":1}},"4":{"start":{"line":78,"column":4},"end":{"line":78,"column":42}},"5":{"start":{"line":79,"column":4},"end":{"line":93,"column":5}},"6":{"start":{"line":80,"column":21},"end":{"line":80,"column":58}},"7":{"start":{"line":81,"column":6},"end":{"line":89,"column":7}},"8":{"start":{"line":82,"column":8},"end":{"line":82,"column":64}},"9":{"start":{"line":84,"column":8},"end":{"line":88,"column":11}},"10":{"start":{"line":91,"column":27},"end":{"line":91,"column":79}},"11":{"start":{"line":92,"column":6},"end":{"line":92,"column":68}},"12":{"start":{"line":97,"column":4},"end":{"line":97,"column":74}},"13":{"start":{"line":98,"column":4},"end":{"line":172,"column":5}},"14":{"start":{"line":99,"column":21},"end":{"line":107,"column":7}},"15":{"start":{"line":105,"column":10},"end":{"line":105,"column":44}},"16":{"start":{"line":109,"column":6},"end":{"line":167,"column":7}},"17":{"start":{"line":110,"column":8},"end":{"line":110,"column":63}},"18":{"start":{"line":111,"column":8},"end":{"line":111,"column":37}},"19":{"start":{"line":113,"column":27},"end":{"line":113,"column":42}},"20":{"start":{"line":116,"column":26},"end":{"line":116,"column":51}},"21":{"start":{"line":117,"column":8},"end":{"line":140,"column":9}},"22":{"start":{"line":118,"column":10},"end":{"line":118,"column":59}},"23":{"start":{"line":121,"column":10},"end":{"line":139,"column":11}},"24":{"start":{"line":122,"column":12},"end":{"line":138,"column":16}},"25":{"start":{"line":122,"column":28},"end":{"line":138,"column":13}},"26":{"start":{"line":143,"column":8},"end":{"line":149,"column":9}},"27":{"start":{"line":148,"column":10},"end":{"line":148,"column":72}},"28":{"start":{"line":150,"column":8},"end":{"line":156,"column":9}},"29":{"start":{"line":155,"column":10},"end":{"line":155,"column":64}},"30":{"start":{"line":158,"column":8},"end":{"line":158,"column":62}},"31":{"start":{"line":158,"column":25},"end":{"line":158,"column":54}},"32":{"start":{"line":159,"column":8},"end":{"line":159,"column":41}},"33":{"start":{"line":161,"column":8},"end":{"line":165,"column":11}},"34":{"start":{"line":166,"column":8},"end":{"line":166,"column":53}},"35":{"start":{"line":169,"column":27},"end":{"line":169,"column":79}},"36":{"start":{"line":170,"column":6},"end":{"line":170,"column":80}},"37":{"start":{"line":171,"column":6},"end":{"line":171,"column":51}},"38":{"start":{"line":176,"column":4},"end":{"line":176,"column":42}},"39":{"start":{"line":177,"column":4},"end":{"line":190,"column":5}},"40":{"start":{"line":178,"column":21},"end":{"line":178,"column":63}},"41":{"start":{"line":179,"column":6},"end":{"line":186,"column":7}},"42":{"start":{"line":180,"column":8},"end":{"line":180,"column":64}},"43":{"start":{"line":182,"column":8},"end":{"line":185,"column":11}},"44":{"start":{"line":188,"column":27},"end":{"line":188,"column":79}},"45":{"start":{"line":189,"column":6},"end":{"line":189,"column":53}},"46":{"start":{"line":194,"column":4},"end":{"line":194,"column":42}},"47":{"start":{"line":195,"column":4},"end":{"line":214,"column":5}},"48":{"start":{"line":196,"column":21},"end":{"line":196,"column":62}},"49":{"start":{"line":197,"column":6},"end":{"line":209,"column":7}},"50":{"start":{"line":198,"column":8},"end":{"line":204,"column":12}},"51":{"start":{"line":198,"column":24},"end":{"line":204,"column":9}},"52":{"start":{"line":199,"column":53},"end":{"line":199,"column":67}},"53":{"start":{"line":202,"column":69},"end":{"line":202,"column":79}},"54":{"start":{"line":205,"column":8},"end":{"line":205,"column":20}},"55":{"start":{"line":207,"column":8},"end":{"line":207,"column":76}},"56":{"start":{"line":208,"column":8},"end":{"line":208,"column":21}},"57":{"start":{"line":211,"column":27},"end":{"line":211,"column":79}},"58":{"start":{"line":212,"column":6},"end":{"line":212,"column":53}},"59":{"start":{"line":213,"column":6},"end":{"line":213,"column":19}},"60":{"start":{"line":218,"column":4},"end":{"line":218,"column":42}},"61":{"start":{"line":219,"column":4},"end":{"line":245,"column":5}},"62":{"start":{"line":220,"column":21},"end":{"line":220,"column":63}},"63":{"start":{"line":221,"column":6},"end":{"line":240,"column":7}},"64":{"start":{"line":222,"column":27},"end":{"line":222,"column":38}},"65":{"start":{"line":223,"column":8},"end":{"line":232,"column":12}},"66":{"start":{"line":223,"column":24},"end":{"line":232,"column":9}},"67":{"start":{"line":225,"column":12},"end":{"line":225,"column":45}},"68":{"start":{"line":233,"column":8},"end":{"line":233,"column":20}},"69":{"start":{"line":235,"column":8},"end":{"line":238,"column":11}},"70":{"start":{"line":239,"column":8},"end":{"line":239,"column":21}},"71":{"start":{"line":242,"column":27},"end":{"line":242,"column":79}},"72":{"start":{"line":243,"column":6},"end":{"line":243,"column":53}},"73":{"start":{"line":244,"column":6},"end":{"line":244,"column":19}},"74":{"start":{"line":249,"column":4},"end":{"line":249,"column":39}},"75":{"start":{"line":253,"column":18},"end":{"line":253,"column":52}},"76":{"start":{"line":254,"column":4},"end":{"line":254,"column":58}},"77":{"start":{"line":258,"column":4},"end":{"line":266,"column":8}},"78":{"start":{"line":258,"column":20},"end":{"line":266,"column":5}},"79":{"start":{"line":270,"column":19},"end":{"line":270,"column":68}},"80":{"start":{"line":270,"column":47},"end":{"line":270,"column":67}},"81":{"start":{"line":271,"column":4},"end":{"line":271,"column":31}},"82":{"start":{"line":271,"column":19},"end":{"line":271,"column":31}},"83":{"start":{"line":274,"column":4},"end":{"line":308,"column":5}},"84":{"start":{"line":275,"column":6},"end":{"line":275,"column":64}},"85":{"start":{"line":277,"column":6},"end":{"line":286,"column":10}},"86":{"start":{"line":277,"column":22},"end":{"line":286,"column":7}},"87":{"start":{"line":288,"column":24},"end":{"line":288,"column":63}},"88":{"start":{"line":289,"column":6},"end":{"line":304,"column":7}},"89":{"start":{"line":290,"column":8},"end":{"line":302,"column":12}},"90":{"start":{"line":290,"column":24},"end":{"line":302,"column":9}},"91":{"start":{"line":303,"column":8},"end":{"line":303,"column":20}},"92":{"start":{"line":306,"column":6},"end":{"line":306,"column":67}},"93":{"start":{"line":306,"column":45},"end":{"line":306,"column":65}},"94":{"start":{"line":307,"column":6},"end":{"line":307,"column":33}},"95":{"start":{"line":307,"column":21},"end":{"line":307,"column":33}},"96":{"start":{"line":310,"column":4},"end":{"line":310,"column":76}},"97":{"start":{"line":311,"column":4},"end":{"line":316,"column":7}},"98":{"start":{"line":319,"column":4},"end":{"line":328,"column":8}},"99":{"start":{"line":319,"column":20},"end":{"line":328,"column":5}},"100":{"start":{"line":330,"column":4},"end":{"line":431,"column":5}},"101":{"start":{"line":332,"column":31},"end":{"line":352,"column":13}},"102":{"start":{"line":333,"column":8},"end":{"line":351,"column":11}},"103":{"start":{"line":335,"column":12},"end":{"line":335,"column":73}},"104":{"start":{"line":336,"column":10},"end":{"line":349,"column":11}},"105":{"start":{"line":337,"column":12},"end":{"line":348,"column":14}},"106":{"start":{"line":350,"column":10},"end":{"line":350,"column":23}},"107":{"start":{"line":354,"column":21},"end":{"line":358,"column":7}},"108":{"start":{"line":360,"column":6},"end":{"line":360,"column":38}},"109":{"start":{"line":362,"column":6},"end":{"line":366,"column":9}},"110":{"start":{"line":368,"column":6},"end":{"line":415,"column":7}},"111":{"start":{"line":370,"column":26},"end":{"line":370,"column":43}},"112":{"start":{"line":371,"column":8},"end":{"line":384,"column":9}},"113":{"start":{"line":372,"column":10},"end":{"line":383,"column":11}},"114":{"start":{"line":374,"column":28},"end":{"line":374,"column":56}},"115":{"start":{"line":375,"column":12},"end":{"line":380,"column":15}},"116":{"start":{"line":382,"column":12},"end":{"line":382,"column":71}},"117":{"start":{"line":386,"column":8},"end":{"line":398,"column":12}},"118":{"start":{"line":386,"column":24},"end":{"line":398,"column":9}},"119":{"start":{"line":399,"column":8},"end":{"line":399,"column":27}},"120":{"start":{"line":401,"column":8},"end":{"line":413,"column":12}},"121":{"start":{"line":401,"column":24},"end":{"line":413,"column":9}},"122":{"start":{"line":414,"column":8},"end":{"line":414,"column":20}},"123":{"start":{"line":417,"column":6},"end":{"line":429,"column":10}},"124":{"start":{"line":417,"column":22},"end":{"line":429,"column":7}},"125":{"start":{"line":430,"column":6},"end":{"line":430,"column":18}},"126":{"start":{"line":435,"column":19},"end":{"line":435,"column":68}},"127":{"start":{"line":435,"column":47},"end":{"line":435,"column":67}},"128":{"start":{"line":436,"column":4},"end":{"line":436,"column":31}},"129":{"start":{"line":436,"column":19},"end":{"line":436,"column":31}},"130":{"start":{"line":439,"column":4},"end":{"line":471,"column":5}},"131":{"start":{"line":440,"column":6},"end":{"line":440,"column":64}},"132":{"start":{"line":441,"column":6},"end":{"line":450,"column":10}},"133":{"start":{"line":441,"column":22},"end":{"line":450,"column":7}},"134":{"start":{"line":452,"column":24},"end":{"line":452,"column":63}},"135":{"start":{"line":453,"column":6},"end":{"line":468,"column":7}},"136":{"start":{"line":454,"column":8},"end":{"line":466,"column":12}},"137":{"start":{"line":454,"column":24},"end":{"line":466,"column":9}},"138":{"start":{"line":467,"column":8},"end":{"line":467,"column":20}},"139":{"start":{"line":469,"column":6},"end":{"line":469,"column":67}},"140":{"start":{"line":469,"column":45},"end":{"line":469,"column":65}},"141":{"start":{"line":470,"column":6},"end":{"line":470,"column":33}},"142":{"start":{"line":470,"column":21},"end":{"line":470,"column":33}},"143":{"start":{"line":473,"column":4},"end":{"line":482,"column":8}},"144":{"start":{"line":473,"column":20},"end":{"line":482,"column":5}},"145":{"start":{"line":484,"column":4},"end":{"line":581,"column":5}},"146":{"start":{"line":485,"column":31},"end":{"line":505,"column":13}},"147":{"start":{"line":486,"column":8},"end":{"line":504,"column":11}},"148":{"start":{"line":488,"column":12},"end":{"line":488,"column":69}},"149":{"start":{"line":489,"column":10},"end":{"line":502,"column":11}},"150":{"start":{"line":490,"column":12},"end":{"line":501,"column":14}},"151":{"start":{"line":503,"column":10},"end":{"line":503,"column":23}},"152":{"start":{"line":507,"column":21},"end":{"line":510,"column":7}},"153":{"start":{"line":512,"column":6},"end":{"line":512,"column":38}},"154":{"start":{"line":514,"column":6},"end":{"line":565,"column":7}},"155":{"start":{"line":516,"column":26},"end":{"line":516,"column":61}},"156":{"start":{"line":517,"column":8},"end":{"line":542,"column":9}},"157":{"start":{"line":518,"column":10},"end":{"line":541,"column":11}},"158":{"start":{"line":519,"column":28},"end":{"line":519,"column":56}},"159":{"start":{"line":520,"column":28},"end":{"line":520,"column":57}},"160":{"start":{"line":522,"column":25},"end":{"line":532,"column":13}},"161":{"start":{"line":534,"column":12},"end":{"line":538,"column":15}},"162":{"start":{"line":540,"column":12},"end":{"line":540,"column":67}},"163":{"start":{"line":544,"column":8},"end":{"line":552,"column":12}},"164":{"start":{"line":544,"column":24},"end":{"line":552,"column":9}},"165":{"start":{"line":553,"column":8},"end":{"line":553,"column":27}},"166":{"start":{"line":555,"column":8},"end":{"line":563,"column":12}},"167":{"start":{"line":555,"column":24},"end":{"line":563,"column":9}},"168":{"start":{"line":564,"column":8},"end":{"line":564,"column":20}},"169":{"start":{"line":567,"column":6},"end":{"line":579,"column":10}},"170":{"start":{"line":567,"column":22},"end":{"line":579,"column":7}},"171":{"start":{"line":580,"column":6},"end":{"line":580,"column":18}},"172":{"start":{"line":587,"column":21},"end":{"line":587,"column":40}},"173":{"start":{"line":589,"column":2},"end":{"line":596,"column":3}},"174":{"start":{"line":595,"column":4},"end":{"line":595,"column":21}},"175":{"start":{"line":597,"column":2},"end":{"line":604,"column":3}},"176":{"start":{"line":603,"column":4},"end":{"line":603,"column":23}},"177":{"start":{"line":605,"column":2},"end":{"line":612,"column":3}},"178":{"start":{"line":611,"column":4},"end":{"line":611,"column":21}},"179":{"start":{"line":613,"column":2},"end":{"line":620,"column":3}},"180":{"start":{"line":619,"column":4},"end":{"line":619,"column":25}},"181":{"start":{"line":622,"column":2},"end":{"line":622,"column":19}}},"fnMap":{"0":{"name":"(anonymous_0)","decl":{"start":{"line":68,"column":54},"end":{"line":68,"column":55}},"loc":{"start":{"line":68,"column":69},"end":{"line":583,"column":1}},"line":68},"1":{"name":"(anonymous_1)","decl":{"start":{"line":77,"column":18},"end":{"line":77,"column":19}},"loc":{"start":{"line":77,"column":30},"end":{"line":94,"column":3}},"line":77},"2":{"name":"(anonymous_2)","decl":{"start":{"line":96,"column":18},"end":{"line":96,"column":19}},"loc":{"start":{"line":96,"column":56},"end":{"line":173,"column":3}},"line":96},"3":{"name":"(anonymous_3)","decl":{"start":{"line":103,"column":8},"end":{"line":103,"column":9}},"loc":{"start":{"line":103,"column":22},"end":{"line":106,"column":9}},"line":103},"4":{"name":"(anonymous_4)","decl":{"start":{"line":122,"column":16},"end":{"line":122,"column":17}},"loc":{"start":{"line":122,"column":28},"end":{"line":138,"column":13}},"line":122},"5":{"name":"(anonymous_5)","decl":{"start":{"line":158,"column":19},"end":{"line":158,"column":20}},"loc":{"start":{"line":158,"column":25},"end":{"line":158,"column":54}},"line":158},"6":{"name":"(anonymous_6)","decl":{"start":{"line":175,"column":19},"end":{"line":175,"column":20}},"loc":{"start":{"line":175,"column":41},"end":{"line":191,"column":3}},"line":175},"7":{"name":"(anonymous_7)","decl":{"start":{"line":193,"column":18},"end":{"line":193,"column":19}},"loc":{"start":{"line":193,"column":40},"end":{"line":215,"column":3}},"line":193},"8":{"name":"(anonymous_8)","decl":{"start":{"line":198,"column":12},"end":{"line":198,"column":13}},"loc":{"start":{"line":198,"column":24},"end":{"line":204,"column":9}},"line":198},"9":{"name":"(anonymous_9)","decl":{"start":{"line":199,"column":44},"end":{"line":199,"column":45}},"loc":{"start":{"line":199,"column":53},"end":{"line":199,"column":67}},"line":199},"10":{"name":"(anonymous_10)","decl":{"start":{"line":202,"column":58},"end":{"line":202,"column":59}},"loc":{"start":{"line":202,"column":69},"end":{"line":202,"column":79}},"line":202},"11":{"name":"(anonymous_11)","decl":{"start":{"line":217,"column":19},"end":{"line":217,"column":20}},"loc":{"start":{"line":217,"column":41},"end":{"line":246,"column":3}},"line":217},"12":{"name":"(anonymous_12)","decl":{"start":{"line":223,"column":12},"end":{"line":223,"column":13}},"loc":{"start":{"line":223,"column":24},"end":{"line":232,"column":9}},"line":223},"13":{"name":"(anonymous_13)","decl":{"start":{"line":224,"column":41},"end":{"line":224,"column":42}},"loc":{"start":{"line":225,"column":12},"end":{"line":225,"column":45}},"line":225},"14":{"name":"(anonymous_14)","decl":{"start":{"line":248,"column":22},"end":{"line":248,"column":23}},"loc":{"start":{"line":248,"column":53},"end":{"line":250,"column":3}},"line":248},"15":{"name":"(anonymous_15)","decl":{"start":{"line":252,"column":22},"end":{"line":252,"column":23}},"loc":{"start":{"line":252,"column":46},"end":{"line":255,"column":3}},"line":252},"16":{"name":"(anonymous_16)","decl":{"start":{"line":257,"column":24},"end":{"line":257,"column":25}},"loc":{"start":{"line":257,"column":77},"end":{"line":267,"column":3}},"line":257},"17":{"name":"(anonymous_17)","decl":{"start":{"line":258,"column":8},"end":{"line":258,"column":9}},"loc":{"start":{"line":258,"column":20},"end":{"line":266,"column":5}},"line":258},"18":{"name":"(anonymous_18)","decl":{"start":{"line":269,"column":21},"end":{"line":269,"column":22}},"loc":{"start":{"line":269,"column":53},"end":{"line":432,"column":3}},"line":269},"19":{"name":"(anonymous_19)","decl":{"start":{"line":270,"column":40},"end":{"line":270,"column":41}},"loc":{"start":{"line":270,"column":47},"end":{"line":270,"column":67}},"line":270},"20":{"name":"(anonymous_20)","decl":{"start":{"line":277,"column":10},"end":{"line":277,"column":11}},"loc":{"start":{"line":277,"column":22},"end":{"line":286,"column":7}},"line":277},"21":{"name":"(anonymous_21)","decl":{"start":{"line":290,"column":12},"end":{"line":290,"column":13}},"loc":{"start":{"line":290,"column":24},"end":{"line":302,"column":9}},"line":290},"22":{"name":"(anonymous_22)","decl":{"start":{"line":306,"column":38},"end":{"line":306,"column":39}},"loc":{"start":{"line":306,"column":45},"end":{"line":306,"column":65}},"line":306},"23":{"name":"(anonymous_23)","decl":{"start":{"line":319,"column":8},"end":{"line":319,"column":9}},"loc":{"start":{"line":319,"column":20},"end":{"line":328,"column":5}},"line":319},"24":{"name":"(anonymous_24)","decl":{"start":{"line":332,"column":43},"end":{"line":332,"column":44}},"loc":{"start":{"line":332,"column":49},"end":{"line":352,"column":7}},"line":332},"25":{"name":"(anonymous_25)","decl":{"start":{"line":333,"column":12},"end":{"line":333,"column":13}},"loc":{"start":{"line":333,"column":23},"end":{"line":351,"column":9}},"line":333},"26":{"name":"(anonymous_26)","decl":{"start":{"line":386,"column":12},"end":{"line":386,"column":13}},"loc":{"start":{"line":386,"column":24},"end":{"line":398,"column":9}},"line":386},"27":{"name":"(anonymous_27)","decl":{"start":{"line":401,"column":12},"end":{"line":401,"column":13}},"loc":{"start":{"line":401,"column":24},"end":{"line":413,"column":9}},"line":401},"28":{"name":"(anonymous_28)","decl":{"start":{"line":417,"column":10},"end":{"line":417,"column":11}},"loc":{"start":{"line":417,"column":22},"end":{"line":429,"column":7}},"line":417},"29":{"name":"(anonymous_29)","decl":{"start":{"line":434,"column":17},"end":{"line":434,"column":18}},"loc":{"start":{"line":434,"column":49},"end":{"line":582,"column":3}},"line":434},"30":{"name":"(anonymous_30)","decl":{"start":{"line":435,"column":40},"end":{"line":435,"column":41}},"loc":{"start":{"line":435,"column":47},"end":{"line":435,"column":67}},"line":435},"31":{"name":"(anonymous_31)","decl":{"start":{"line":441,"column":10},"end":{"line":441,"column":11}},"loc":{"start":{"line":441,"column":22},"end":{"line":450,"column":7}},"line":441},"32":{"name":"(anonymous_32)","decl":{"start":{"line":454,"column":12},"end":{"line":454,"column":13}},"loc":{"start":{"line":454,"column":24},"end":{"line":466,"column":9}},"line":454},"33":{"name":"(anonymous_33)","decl":{"start":{"line":469,"column":38},"end":{"line":469,"column":39}},"loc":{"start":{"line":469,"column":45},"end":{"line":469,"column":65}},"line":469},"34":{"name":"(anonymous_34)","decl":{"start":{"line":473,"column":8},"end":{"line":473,"column":9}},"loc":{"start":{"line":473,"column":20},"end":{"line":482,"column":5}},"line":473},"35":{"name":"(anonymous_35)","decl":{"start":{"line":485,"column":43},"end":{"line":485,"column":44}},"loc":{"start":{"line":485,"column":49},"end":{"line":505,"column":7}},"line":485},"36":{"name":"(anonymous_36)","decl":{"start":{"line":486,"column":12},"end":{"line":486,"column":13}},"loc":{"start":{"line":486,"column":23},"end":{"line":504,"column":9}},"line":486},"37":{"name":"(anonymous_37)","decl":{"start":{"line":544,"column":12},"end":{"line":544,"column":13}},"loc":{"start":{"line":544,"column":24},"end":{"line":552,"column":9}},"line":544},"38":{"name":"(anonymous_38)","decl":{"start":{"line":555,"column":12},"end":{"line":555,"column":13}},"loc":{"start":{"line":555,"column":24},"end":{"line":563,"column":9}},"line":555},"39":{"name":"(anonymous_39)","decl":{"start":{"line":567,"column":10},"end":{"line":567,"column":11}},"loc":{"start":{"line":567,"column":22},"end":{"line":579,"column":7}},"line":567},"40":{"name":"inferSubject","decl":{"start":{"line":586,"column":9},"end":{"line":586,"column":21}},"loc":{"start":{"line":586,"column":45},"end":{"line":623,"column":1}},"line":586}},"branchMap":{"0":{"loc":{"start":{"line":81,"column":6},"end":{"line":89,"column":7}},"type":"if","locations":[{"start":{"line":81,"column":6},"end":{"line":89,"column":7}},{"start":{"line":83,"column":13},"end":{"line":89,"column":7}}],"line":81},"1":{"loc":{"start":{"line":82,"column":25},"end":{"line":82,"column":42}},"type":"binary-expr","locations":[{"start":{"line":82,"column":25},"end":{"line":82,"column":36}},{"start":{"line":82,"column":40},"end":{"line":82,"column":42}}],"line":82},"2":{"loc":{"start":{"line":85,"column":17},"end":{"line":85,"column":62}},"type":"binary-expr","locations":[{"start":{"line":85,"column":17},"end":{"line":85,"column":31}},{"start":{"line":85,"column":35},"end":{"line":85,"column":62}}],"line":85},"3":{"loc":{"start":{"line":91,"column":27},"end":{"line":91,"column":79}},"type":"cond-expr","locations":[{"start":{"line":91,"column":50},"end":{"line":91,"column":61}},{"start":{"line":91,"column":64},"end":{"line":91,"column":79}}],"line":91},"4":{"loc":{"start":{"line":109,"column":6},"end":{"line":167,"column":7}},"type":"if","locations":[{"start":{"line":109,"column":6},"end":{"line":167,"column":7}},{"start":{"line":160,"column":13},"end":{"line":167,"column":7}}],"line":109},"5":{"loc":{"start":{"line":109,"column":10},"end":{"line":109,"column":39}},"type":"binary-expr","locations":[{"start":{"line":109,"column":10},"end":{"line":109,"column":24}},{"start":{"line":109,"column":28},"end":{"line":109,"column":39}}],"line":109},"6":{"loc":{"start":{"line":117,"column":8},"end":{"line":140,"column":9}},"type":"if","locations":[{"start":{"line":117,"column":8},"end":{"line":140,"column":9}},{"start":{},"end":{}}],"line":117},"7":{"loc":{"start":{"line":121,"column":10},"end":{"line":139,"column":11}},"type":"if","locations":[{"start":{"line":121,"column":10},"end":{"line":139,"column":11}},{"start":{},"end":{}}],"line":121},"8":{"loc":{"start":{"line":121,"column":14},"end":{"line":121,"column":63}},"type":"binary-expr","locations":[{"start":{"line":121,"column":14},"end":{"line":121,"column":34}},{"start":{"line":121,"column":38},"end":{"line":121,"column":63}}],"line":121},"9":{"loc":{"start":{"line":143,"column":8},"end":{"line":149,"column":9}},"type":"if","locations":[{"start":{"line":143,"column":8},"end":{"line":149,"column":9}},{"start":{},"end":{}}],"line":143},"10":{"loc":{"start":{"line":144,"column":10},"end":{"line":146,"column":37}},"type":"binary-expr","locations":[{"start":{"line":144,"column":10},"end":{"line":144,"column":36}},{"start":{"line":145,"column":10},"end":{"line":145,"column":30}},{"start":{"line":146,"column":10},"end":{"line":146,"column":37}}],"line":144},"11":{"loc":{"start":{"line":150,"column":8},"end":{"line":156,"column":9}},"type":"if","locations":[{"start":{"line":150,"column":8},"end":{"line":156,"column":9}},{"start":{},"end":{}}],"line":150},"12":{"loc":{"start":{"line":151,"column":10},"end":{"line":153,"column":37}},"type":"binary-expr","locations":[{"start":{"line":151,"column":10},"end":{"line":151,"column":32}},{"start":{"line":152,"column":10},"end":{"line":152,"column":30}},{"start":{"line":153,"column":10},"end":{"line":153,"column":37}}],"line":151},"13":{"loc":{"start":{"line":163,"column":17},"end":{"line":163,"column":50}},"type":"binary-expr","locations":[{"start":{"line":163,"column":17},"end":{"line":163,"column":31}},{"start":{"line":163,"column":35},"end":{"line":163,"column":50}}],"line":163},"14":{"loc":{"start":{"line":169,"column":27},"end":{"line":169,"column":79}},"type":"cond-expr","locations":[{"start":{"line":169,"column":50},"end":{"line":169,"column":61}},{"start":{"line":169,"column":64},"end":{"line":169,"column":79}}],"line":169},"15":{"loc":{"start":{"line":179,"column":6},"end":{"line":186,"column":7}},"type":"if","locations":[{"start":{"line":179,"column":6},"end":{"line":186,"column":7}},{"start":{"line":181,"column":13},"end":{"line":186,"column":7}}],"line":179},"16":{"loc":{"start":{"line":183,"column":17},"end":{"line":183,"column":55}},"type":"binary-expr","locations":[{"start":{"line":183,"column":17},"end":{"line":183,"column":31}},{"start":{"line":183,"column":35},"end":{"line":183,"column":55}}],"line":183},"17":{"loc":{"start":{"line":188,"column":27},"end":{"line":188,"column":79}},"type":"cond-expr","locations":[{"start":{"line":188,"column":50},"end":{"line":188,"column":61}},{"start":{"line":188,"column":64},"end":{"line":188,"column":79}}],"line":188},"18":{"loc":{"start":{"line":197,"column":6},"end":{"line":209,"column":7}},"type":"if","locations":[{"start":{"line":197,"column":6},"end":{"line":209,"column":7}},{"start":{"line":206,"column":13},"end":{"line":209,"column":7}}],"line":197},"19":{"loc":{"start":{"line":207,"column":21},"end":{"line":207,"column":54}},"type":"binary-expr","locations":[{"start":{"line":207,"column":21},"end":{"line":207,"column":35}},{"start":{"line":207,"column":39},"end":{"line":207,"column":54}}],"line":207},"20":{"loc":{"start":{"line":211,"column":27},"end":{"line":211,"column":79}},"type":"cond-expr","locations":[{"start":{"line":211,"column":50},"end":{"line":211,"column":61}},{"start":{"line":211,"column":64},"end":{"line":211,"column":79}}],"line":211},"21":{"loc":{"start":{"line":221,"column":6},"end":{"line":240,"column":7}},"type":"if","locations":[{"start":{"line":221,"column":6},"end":{"line":240,"column":7}},{"start":{"line":234,"column":13},"end":{"line":240,"column":7}}],"line":221},"22":{"loc":{"start":{"line":221,"column":10},"end":{"line":221,"column":39}},"type":"binary-expr","locations":[{"start":{"line":221,"column":10},"end":{"line":221,"column":24}},{"start":{"line":221,"column":28},"end":{"line":221,"column":39}}],"line":221},"23":{"loc":{"start":{"line":225,"column":12},"end":{"line":225,"column":45}},"type":"cond-expr","locations":[{"start":{"line":225,"column":29},"end":{"line":225,"column":39}},{"start":{"line":225,"column":42},"end":{"line":225,"column":45}}],"line":225},"24":{"loc":{"start":{"line":228,"column":12},"end":{"line":230,"column":37}},"type":"cond-expr","locations":[{"start":{"line":229,"column":16},"end":{"line":229,"column":26}},{"start":{"line":230,"column":16},"end":{"line":230,"column":37}}],"line":228},"25":{"loc":{"start":{"line":236,"column":17},"end":{"line":236,"column":63}},"type":"binary-expr","locations":[{"start":{"line":236,"column":17},"end":{"line":236,"column":31}},{"start":{"line":236,"column":35},"end":{"line":236,"column":63}}],"line":236},"26":{"loc":{"start":{"line":242,"column":27},"end":{"line":242,"column":79}},"type":"cond-expr","locations":[{"start":{"line":242,"column":50},"end":{"line":242,"column":61}},{"start":{"line":242,"column":64},"end":{"line":242,"column":79}}],"line":242},"27":{"loc":{"start":{"line":254,"column":11},"end":{"line":254,"column":57}},"type":"binary-expr","locations":[{"start":{"line":254,"column":11},"end":{"line":254,"column":16}},{"start":{"line":254,"column":20},"end":{"line":254,"column":57}}],"line":254},"28":{"loc":{"start":{"line":271,"column":4},"end":{"line":271,"column":31}},"type":"if","locations":[{"start":{"line":271,"column":4},"end":{"line":271,"column":31}},{"start":{},"end":{}}],"line":271},"29":{"loc":{"start":{"line":274,"column":4},"end":{"line":308,"column":5}},"type":"if","locations":[{"start":{"line":274,"column":4},"end":{"line":308,"column":5}},{"start":{},"end":{}}],"line":274},"30":{"loc":{"start":{"line":274,"column":8},"end":{"line":274,"column":61}},"type":"binary-expr","locations":[{"start":{"line":274,"column":8},"end":{"line":274,"column":40}},{"start":{"line":274,"column":44},"end":{"line":274,"column":61}}],"line":274},"31":{"loc":{"start":{"line":281,"column":16},"end":{"line":282,"column":44}},"type":"binary-expr","locations":[{"start":{"line":281,"column":16},"end":{"line":281,"column":50}},{"start":{"line":282,"column":14},"end":{"line":282,"column":44}}],"line":281},"32":{"loc":{"start":{"line":289,"column":6},"end":{"line":304,"column":7}},"type":"if","locations":[{"start":{"line":289,"column":6},"end":{"line":304,"column":7}},{"start":{},"end":{}}],"line":289},"33":{"loc":{"start":{"line":307,"column":6},"end":{"line":307,"column":33}},"type":"if","locations":[{"start":{"line":307,"column":6},"end":{"line":307,"column":33}},{"start":{},"end":{}}],"line":307},"34":{"loc":{"start":{"line":315,"column":21},"end":{"line":315,"column":50}},"type":"binary-expr","locations":[{"start":{"line":315,"column":21},"end":{"line":315,"column":45}},{"start":{"line":315,"column":49},"end":{"line":315,"column":50}}],"line":315},"35":{"loc":{"start":{"line":323,"column":14},"end":{"line":324,"column":42}},"type":"binary-expr","locations":[{"start":{"line":323,"column":14},"end":{"line":323,"column":48}},{"start":{"line":324,"column":12},"end":{"line":324,"column":42}}],"line":323},"36":{"loc":{"start":{"line":335,"column":12},"end":{"line":335,"column":73}},"type":"binary-expr","locations":[{"start":{"line":335,"column":12},"end":{"line":335,"column":67}},{"start":{"line":335,"column":71},"end":{"line":335,"column":73}}],"line":335},"37":{"loc":{"start":{"line":336,"column":10},"end":{"line":349,"column":11}},"type":"if","locations":[{"start":{"line":336,"column":10},"end":{"line":349,"column":11}},{"start":{},"end":{}}],"line":336},"38":{"loc":{"start":{"line":356,"column":8},"end":{"line":356,"column":38}},"type":"binary-expr","locations":[{"start":{"line":356,"column":8},"end":{"line":356,"column":28}},{"start":{"line":356,"column":32},"end":{"line":356,"column":38}}],"line":356},"39":{"loc":{"start":{"line":357,"column":8},"end":{"line":357,"column":28}},"type":"binary-expr","locations":[{"start":{"line":357,"column":8},"end":{"line":357,"column":23}},{"start":{"line":357,"column":27},"end":{"line":357,"column":28}}],"line":357},"40":{"loc":{"start":{"line":365,"column":20},"end":{"line":365,"column":71}},"type":"cond-expr","locations":[{"start":{"line":365,"column":49},"end":{"line":365,"column":67}},{"start":{"line":365,"column":70},"end":{"line":365,"column":71}}],"line":365},"41":{"loc":{"start":{"line":368,"column":6},"end":{"line":415,"column":7}},"type":"if","locations":[{"start":{"line":368,"column":6},"end":{"line":415,"column":7}},{"start":{"line":400,"column":13},"end":{"line":415,"column":7}}],"line":368},"42":{"loc":{"start":{"line":370,"column":26},"end":{"line":370,"column":43}},"type":"binary-expr","locations":[{"start":{"line":370,"column":26},"end":{"line":370,"column":37}},{"start":{"line":370,"column":41},"end":{"line":370,"column":43}}],"line":370},"43":{"loc":{"start":{"line":371,"column":8},"end":{"line":384,"column":9}},"type":"if","locations":[{"start":{"line":371,"column":8},"end":{"line":384,"column":9}},{"start":{},"end":{}}],"line":371},"44":{"loc":{"start":{"line":378,"column":26},"end":{"line":378,"column":56}},"type":"binary-expr","locations":[{"start":{"line":378,"column":26},"end":{"line":378,"column":46}},{"start":{"line":378,"column":50},"end":{"line":378,"column":56}}],"line":378},"45":{"loc":{"start":{"line":425,"column":21},"end":{"line":425,"column":77}},"type":"cond-expr","locations":[{"start":{"line":425,"column":44},"end":{"line":425,"column":55}},{"start":{"line":425,"column":58},"end":{"line":425,"column":77}}],"line":425},"46":{"loc":{"start":{"line":436,"column":4},"end":{"line":436,"column":31}},"type":"if","locations":[{"start":{"line":436,"column":4},"end":{"line":436,"column":31}},{"start":{},"end":{}}],"line":436},"47":{"loc":{"start":{"line":439,"column":4},"end":{"line":471,"column":5}},"type":"if","locations":[{"start":{"line":439,"column":4},"end":{"line":471,"column":5}},{"start":{},"end":{}}],"line":439},"48":{"loc":{"start":{"line":439,"column":8},"end":{"line":439,"column":61}},"type":"binary-expr","locations":[{"start":{"line":439,"column":8},"end":{"line":439,"column":40}},{"start":{"line":439,"column":44},"end":{"line":439,"column":61}}],"line":439},"49":{"loc":{"start":{"line":445,"column":16},"end":{"line":446,"column":44}},"type":"binary-expr","locations":[{"start":{"line":445,"column":16},"end":{"line":445,"column":50}},{"start":{"line":446,"column":14},"end":{"line":446,"column":44}}],"line":445},"50":{"loc":{"start":{"line":453,"column":6},"end":{"line":468,"column":7}},"type":"if","locations":[{"start":{"line":453,"column":6},"end":{"line":468,"column":7}},{"start":{},"end":{}}],"line":453},"51":{"loc":{"start":{"line":470,"column":6},"end":{"line":470,"column":33}},"type":"if","locations":[{"start":{"line":470,"column":6},"end":{"line":470,"column":33}},{"start":{},"end":{}}],"line":470},"52":{"loc":{"start":{"line":477,"column":14},"end":{"line":478,"column":42}},"type":"binary-expr","locations":[{"start":{"line":477,"column":14},"end":{"line":477,"column":48}},{"start":{"line":478,"column":12},"end":{"line":478,"column":42}}],"line":477},"53":{"loc":{"start":{"line":488,"column":12},"end":{"line":488,"column":69}},"type":"binary-expr","locations":[{"start":{"line":488,"column":12},"end":{"line":488,"column":63}},{"start":{"line":488,"column":67},"end":{"line":488,"column":69}}],"line":488},"54":{"loc":{"start":{"line":489,"column":10},"end":{"line":502,"column":11}},"type":"if","locations":[{"start":{"line":489,"column":10},"end":{"line":502,"column":11}},{"start":{},"end":{}}],"line":489},"55":{"loc":{"start":{"line":509,"column":8},"end":{"line":509,"column":35}},"type":"binary-expr","locations":[{"start":{"line":509,"column":8},"end":{"line":509,"column":24}},{"start":{"line":509,"column":28},"end":{"line":509,"column":35}}],"line":509},"56":{"loc":{"start":{"line":514,"column":6},"end":{"line":565,"column":7}},"type":"if","locations":[{"start":{"line":514,"column":6},"end":{"line":565,"column":7}},{"start":{"line":554,"column":13},"end":{"line":565,"column":7}}],"line":514},"57":{"loc":{"start":{"line":516,"column":26},"end":{"line":516,"column":61}},"type":"binary-expr","locations":[{"start":{"line":516,"column":26},"end":{"line":516,"column":46}},{"start":{"line":516,"column":50},"end":{"line":516,"column":61}}],"line":516},"58":{"loc":{"start":{"line":517,"column":8},"end":{"line":542,"column":9}},"type":"if","locations":[{"start":{"line":517,"column":8},"end":{"line":542,"column":9}},{"start":{},"end":{}}],"line":517},"59":{"loc":{"start":{"line":537,"column":26},"end":{"line":537,"column":53}},"type":"binary-expr","locations":[{"start":{"line":537,"column":26},"end":{"line":537,"column":42}},{"start":{"line":537,"column":46},"end":{"line":537,"column":53}}],"line":537},"60":{"loc":{"start":{"line":575,"column":21},"end":{"line":575,"column":77}},"type":"cond-expr","locations":[{"start":{"line":575,"column":44},"end":{"line":575,"column":55}},{"start":{"line":575,"column":58},"end":{"line":575,"column":77}}],"line":575},"61":{"loc":{"start":{"line":589,"column":2},"end":{"line":596,"column":3}},"type":"if","locations":[{"start":{"line":589,"column":2},"end":{"line":596,"column":3}},{"start":{},"end":{}}],"line":589},"62":{"loc":{"start":{"line":590,"column":4},"end":{"line":593,"column":33}},"type":"binary-expr","locations":[{"start":{"line":590,"column":4},"end":{"line":590,"column":34}},{"start":{"line":591,"column":4},"end":{"line":591,"column":33}},{"start":{"line":592,"column":4},"end":{"line":592,"column":32}},{"start":{"line":593,"column":4},"end":{"line":593,"column":33}}],"line":590},"63":{"loc":{"start":{"line":597,"column":2},"end":{"line":604,"column":3}},"type":"if","locations":[{"start":{"line":597,"column":2},"end":{"line":604,"column":3}},{"start":{},"end":{}}],"line":597},"64":{"loc":{"start":{"line":598,"column":4},"end":{"line":601,"column":35}},"type":"binary-expr","locations":[{"star
[...]
5,"column":27},"end":{"line":115,"column":79}},"41":{"start":{"line":116,"column":6},"end":{"line":116,"column":53}},"42":{"start":{"line":117,"column":6},"end":{"line":117,"column":53}},"43":{"start":{"line":122,"column":4},"end":{"line":122,"column":31}},"44":{"start":{"line":126,"column":4},"end":{"line":126,"column":25}}},"fnMap":{"0":{"name":"(anonymous_0)","decl":{"start":{"line":29,"column":58},"end":{"line":29,"column":59}},"loc":{"start":{"line":29,"column":73},"end":{"line":128,"column":1}},"line":29},"1":{"name":"(anonymous_1)","decl":{"start":{"line":36,"column":14},"end":{"line":36,"column":15}},"loc":{"start":{"line":36,"column":26},"end":{"line":53,"column":3}},"line":36},"2":{"name":"(anonymous_2)","decl":{"start":{"line":55,"column":11},"end":{"line":55,"column":12}},"loc":{"start":{"line":55,"column":37},"end":{"line":75,"column":3}},"line":55},"3":{"name":"(anonymous_3)","decl":{"start":{"line":77,"column":14},"end":{"line":77,"column":15}},"loc":{"start":{"line":77,"column":40},"end":{"line":96,"column":3}},"line":77},"4":{"name":"(anonymous_4)","decl":{"start":{"line":82,"column":12},"end":{"line":82,"column":13}},"loc":{"start":{"line":82,"column":24},"end":{"line":85,"column":9}},"line":82},"5":{"name":"(anonymous_5)","decl":{"start":{"line":83,"column":36},"end":{"line":83,"column":37}},"loc":{"start":{"line":83,"column":46},"end":{"line":83,"column":65}},"line":83},"6":{"name":"(anonymous_6)","decl":{"start":{"line":98,"column":22},"end":{"line":98,"column":23}},"loc":{"start":{"line":98,"column":67},"end":{"line":119,"column":3}},"line":98},"7":{"name":"(anonymous_7)","decl":{"start":{"line":121,"column":18},"end":{"line":121,"column":19}},"loc":{"start":{"line":121,"column":50},"end":{"line":123,"column":3}},"line":121},"8":{"name":"(anonymous_8)","decl":{"start":{"line":125,"column":14},"end":{"line":125,"column":15}},"loc":{"start":{"line":125,"column":20},"end":{"line":127,"column":3}},"line":125}},"branchMap":{"0":{"loc":{"start":{"line":40,"column":6},"end":{"line":48,"column":7}},"type":"if","locations":[{"start":{"line":40,"column":6},"end":{"line":48,"column":7}},{"start":{"line":42,"column":13},"end":{"line":48,"column":7}}],"line":40},"1":{"loc":{"start":{"line":41,"column":21},"end":{"line":41,"column":38}},"type":"binary-expr","locations":[{"start":{"line":41,"column":21},"end":{"line":41,"column":32}},{"start":{"line":41,"column":36},"end":{"line":41,"column":38}}],"line":41},"2":{"loc":{"start":{"line":44,"column":17},"end":{"line":44,"column":58}},"type":"binary-expr","locations":[{"start":{"line":44,"column":17},"end":{"line":44,"column":31}},{"start":{"line":44,"column":35},"end":{"line":44,"column":58}}],"line":44},"3":{"loc":{"start":{"line":50,"column":27},"end":{"line":50,"column":79}},"type":"cond-expr","locations":[{"start":{"line":50,"column":50},"end":{"line":50,"column":61}},{"start":{"line":50,"column":64},"end":{"line":50,"column":79}}],"line":50},"4":{"loc":{"start":{"line":59,"column":6},"end":{"line":70,"column":7}},"type":"if","locations":[{"start":{"line":59,"column":6},"end":{"line":70,"column":7}},{"start":{"line":65,"column":13},"end":{"line":70,"column":7}}],"line":59},"5":{"loc":{"start":{"line":59,"column":10},"end":{"line":59,"column":39}},"type":"binary-expr","locations":[{"start":{"line":59,"column":10},"end":{"line":59,"column":24}},{"start":{"line":59,"column":28},"end":{"line":59,"column":39}}],"line":59},"6":{"loc":{"start":{"line":62,"column":24},"end":{"line":62,"column":47}},"type":"binary-expr","locations":[{"start":{"line":62,"column":24},"end":{"line":62,"column":41}},{"start":{"line":62,"column":45},"end":{"line":62,"column":47}}],"line":62},"7":{"loc":{"start":{"line":67,"column":17},"end":{"line":67,"column":51}},"type":"binary-expr","locations":[{"start":{"line":67,"column":17},"end":{"line":67,"column":31}},{"start":{"line":67,"column":35},"end":{"line":67,"column":51}}],"line":67},"8":{"loc":{"start":{"line":72,"column":27},"end":{"line":72,"column":79}},"type":"cond-expr","locations":[{"start":{"line":72,"column":50},"end":{"line":72,"column":61}},{"start":{"line":72,"column":64},"end":{"line":72,"column":79}}],"line":72},"9":{"loc":{"start":{"line":81,"column":6},"end":{"line":90,"column":7}},"type":"if","locations":[{"start":{"line":81,"column":6},"end":{"line":90,"column":7}},{"start":{"line":87,"column":13},"end":{"line":90,"column":7}}],"line":81},"10":{"loc":{"start":{"line":88,"column":21},"end":{"line":88,"column":54}},"type":"binary-expr","locations":[{"start":{"line":88,"column":21},"end":{"line":88,"column":35}},{"start":{"line":88,"column":39},"end":{"line":88,"column":54}}],"line":88},"11":{"loc":{"start":{"line":92,"column":27},"end":{"line":92,"column":79}},"type":"cond-expr","locations":[{"start":{"line":92,"column":50},"end":{"line":92,"column":61}},{"start":{"line":92,"column":64},"end":{"line":92,"column":79}}],"line":92},"12":{"loc":{"start":{"line":102,"column":6},"end":{"line":113,"column":7}},"type":"if","locations":[{"start":{"line":102,"column":6},"end":{"line":113,"column":7}},{"start":{"line":107,"column":13},"end":{"line":113,"column":7}}],"line":102},"13":{"loc":{"start":{"line":102,"column":10},"end":{"line":102,"column":39}},"type":"binary-expr","locations":[{"start":{"line":102,"column":10},"end":{"line":102,"column":24}},{"start":{"line":102,"column":28},"end":{"line":102,"column":39}}],"line":102},"14":{"loc":{"start":{"line":109,"column":17},"end":{"line":109,"column":54}},"type":"binary-expr","locations":[{"start":{"line":109,"column":17},"end":{"line":109,"column":31}},{"start":{"line":109,"column":35},"end":{"line":109,"column":54}}],"line":109},"15":{"loc":{"start":{"line":115,"column":27},"end":{"line":115,"column":79}},"type":"cond-expr","locations":[{"start":{"line":115,"column":50},"end":{"line":115,"column":61}},{"start":{"line":115,"column":64},"end":{"line":115,"column":79}}],"line":115}},"s":{"0":1,"1":1,"2":3,"3":3,"4":3,"5":3,"6":2,"7":1,"8":0,"9":0,"10":0,"11":0,"12":0,"13":0,"14":0,"15":0,"16":0,"17":0,"18":2,"19":2,"20":2,"21":2,"22":1,"23":1,"24":2,"25":1,"26":1,"27":1,"28":0,"29":0,"30":0,"31":2,"32":2,"33":2,"34":2,"35":1,"36":1,"37":1,"38":1,"39":1,"40":0,"41":0,"42":0,"43":0,"44":0},"f":{"0":1,"1":3,"2":0,"3":2,"4":1,"5":2,"6":2,"7":0,"8":0},"b":{"0":[2,1],"1":[2,0],"2":[1,0],"3":[0,0],"4":[0,0],"5":[0,0],"6":[0,0],"7":[0,0],"8":[0,0],"9":[1,1],"10":[1,0],"11":[0,0],"12":[1,1],"13":[2,1],"14":[1,0],"15":[0,0]},"_coverageSchema":"1a1c01bbd47fc00a2c39e90264f33305004495a9","hash":"ce96c9477ade02400f42d88a580da6ab8ba89d67"}
,"C:\\Users\\MD SAHIL HASNAIN\\Desktop\\Projects\\neuroprep\\neuroprep-frontend\\store\\planStore.ts": {"path":"C:\\Users\\MD SAHIL HASNAIN\\Desktop\\Projects\\neuroprep\\neuroprep-frontend\\store\\planStore.ts","statementMap":{"0":{"start":{"line":15,"column":24},"end":{"line":22,"column":1}},"1":{"start":{"line":24,"column":28},"end":{"line":234,"column":3}},"2":{"start":{"line":24,"column":61},"end":{"line":234,"column":1}},"3":{"start":{"line":49,"column":4},"end":{"line":70,"column":5}},"4":{"start":{"line":50,"column":6},"end":{"line":50,"column":42}},"5":{"start":{"line":51,"column":6},"end":{"line":68,"column":7}},"6":{"start":{"line":52,"column":27},"end":{"line":52,"column":48}},"7":{"start":{"line":53,"column":8},"end":{"line":63,"column":11}},"8":{"start":{"line":66,"column":10},"end":{"line":66,"column":62}},"9":{"start":{"line":67,"column":8},"end":{"line":67,"column":53}},"10":{"start":{"line":69,"column":6},"end":{"line":69,"column":13}},"11":{"start":{"line":72,"column":4},"end":{"line":72,"column":40}},"12":{"start":{"line":73,"column":4},"end":{"line":117,"column":5}},"13":{"start":{"line":74,"column":23},"end":{"line":74,"column":46}},"14":{"start":{"line":77,"column":6},"end":{"line":99,"column":7}},"15":{"start":{"line":78,"column":23},"end":{"line":78,"column":64}},"16":{"start":{"line":79,"column":21},"end":{"line":79,"column":39}},"17":{"start":{"line":82,"column":8},"end":{"line":84,"column":9}},"18":{"start":{"line":83,"column":10},"end":{"line":83,"column":38}},"19":{"start":{"line":86,"column":27},"end":{"line":86,"column":48}},"20":{"start":{"line":87,"column":8},"end":{"line":97,"column":11}},"21":{"start":{"line":98,"column":8},"end":{"line":98,"column":15}},"22":{"start":{"line":102,"column":21},"end":{"line":102,"column":62}},"23":{"start":{"line":103,"column":19},"end":{"line":103,"column":37}},"24":{"start":{"line":105,"column":6},"end":{"line":113,"column":9}},"25":{"start":{"line":115,"column":27},"end":{"line":115,"column":79}},"26":{"start":{"line":116,"column":6},"end":{"line":116,"column":51}},"27":{"start":{"line":121,"column":21},"end":{"line":121,"column":44}},"28":{"start":{"line":124,"column":4},"end":{"line":124,"column":22}},"29":{"start":{"line":124,"column":15},"end":{"line":124,"column":22}},"30":{"start":{"line":127,"column":18},"end":{"line":127,"column":23}},"31":{"start":{"line":128,"column":4},"end":{"line":128,"column":29}},"32":{"start":{"line":128,"column":22},"end":{"line":128,"column":29}},"33":{"start":{"line":130,"column":25},"end":{"line":130,"column":43}},"34":{"start":{"line":131,"column":4},"end":{"line":131,"column":54}},"35":{"start":{"line":132,"column":4},"end":{"line":132,"column":33}},"36":{"start":{"line":136,"column":21},"end":{"line":136,"column":44}},"37":{"start":{"line":139,"column":4},"end":{"line":139,"column":22}},"38":{"start":{"line":139,"column":15},"end":{"line":139,"column":22}},"39":{"start":{"line":142,"column":4},"end":{"line":149,"column":7}},"40":{"start":{"line":154,"column":4},"end":{"line":156,"column":5}},"41":{"start":{"line":155,"column":6},"end":{"line":155,"column":78}},"42":{"start":{"line":158,"column":4},"end":{"line":158,"column":40}},"43":{"start":{"line":159,"column":4},"end":{"line":175,"column":5}},"44":{"start":{"line":160,"column":21},"end":{"line":164,"column":8}},"45":{"start":{"line":165,"column":6},"end":{"line":165,"column":30}},"46":{"start":{"line":166,"column":6},"end":{"line":170,"column":32}},"47":{"start":{"line":172,"column":27},"end":{"line":172,"column":79}},"48":{"start":{"line":173,"column":6},"end":{"line":173,"column":51}},"49":{"start":{"line":174,"column":6},"end":{"line":174,"column":16}},"50":{"start":{"line":180,"column":4},"end":{"line":182,"column":5}},"51":{"start":{"line":181,"column":6},"end":{"line":181,"column":64}},"52":{"start":{"line":184,"column":4},"end":{"line":184,"column":40}},"53":{"start":{"line":185,"column":4},"end":{"line":194,"column":5}},"54":{"start":{"line":186,"column":26},"end":{"line":186,"column":72}},"55":{"start":{"line":187,"column":6},"end":{"line":187,"column":45}},"56":{"start":{"line":188,"column":6},"end":{"line":188,"column":30}},"57":{"start":{"line":191,"column":8},"end":{"line":191,"column":64}},"58":{"start":{"line":192,"column":6},"end":{"line":192,"column":51}},"59":{"start":{"line":193,"column":6},"end":{"line":193,"column":16}},"60":{"start":{"line":199,"column":4},"end":{"line":201,"column":5}},"61":{"start":{"line":200,"column":6},"end":{"line":200,"column":77}},"62":{"start":{"line":203,"column":4},"end":{"line":203,"column":40}},"63":{"start":{"line":204,"column":4},"end":{"line":212,"column":5}},"64":{"start":{"line":205,"column":6},"end":{"line":205,"column":59}},"65":{"start":{"line":206,"column":6},"end":{"line":206,"column":36}},"66":{"start":{"line":207,"column":6},"end":{"line":207,"column":30}},"67":{"start":{"line":209,"column":27},"end":{"line":209,"column":79}},"68":{"start":{"line":210,"column":6},"end":{"line":210,"column":51}},"69":{"start":{"line":211,"column":6},"end":{"line":211,"column":16}},"70":{"start":{"line":217,"column":4},"end":{"line":221,"column":5}},"71":{"start":{"line":218,"column":6},"end":{"line":220,"column":8}},"72":{"start":{"line":223,"column":4},"end":{"line":223,"column":40}},"73":{"start":{"line":224,"column":4},"end":{"line":232,"column":5}},"74":{"start":{"line":225,"column":6},"end":{"line":225,"column":59}},"75":{"start":{"line":226,"column":6},"end":{"line":226,"column":36}},"76":{"start":{"line":227,"column":6},"end":{"line":227,"column":30}},"77":{"start":{"line":229,"column":27},"end":{"line":229,"column":79}},"78":{"start":{"line":230,"column":6},"end":{"line":230,"column":51}},"79":{"start":{"line":231,"column":6},"end":{"line":231,"column":16}}},"fnMap":{"0":{"name":"(anonymous_0)","decl":{"start":{"line":24,"column":46},"end":{"line":24,"column":47}},"loc":{"start":{"line":24,"column":61},"end":{"line":234,"column":1}},"line":24},"1":{"name":"(anonymous_1)","decl":{"start":{"line":47,"column":19},"end":{"line":47,"column":20}},"loc":{"start":{"line":47,"column":31},"end":{"line":118,"column":3}},"line":47},"2":{"name":"(anonymous_2)","decl":{"start":{"line":120,"column":18},"end":{"line":120,"column":19}},"loc":{"start":{"line":120,"column":44},"end":{"line":133,"column":3}},"line":120},"3":{"name":"(anonymous_3)","decl":{"start":{"line":135,"column":19},"end":{"line":135,"column":20}},"loc":{"start":{"line":135,"column":31},"end":{"line":150,"column":3}},"line":135},"4":{"name":"(anonymous_4)","decl":{"start":{"line":152,"column":22},"end":{"line":152,"column":23}},"loc":{"start":{"line":152,"column":42},"end":{"line":176,"column":3}},"line":152},"5":{"name":"(anonymous_5)","decl":{"start":{"line":178,"column":19},"end":{"line":178,"column":20}},"loc":{"start":{"line":178,"column":45},"end":{"line":195,"column":3}},"line":178},"6":{"name":"(anonymous_6)","decl":{"start":{"line":197,"column":17},"end":{"line":197,"column":18}},"loc":{"start":{"line":197,"column":40},"end":{"line":213,"column":3}},"line":197},"7":{"name":"(anonymous_7)","decl":{"start":{"line":215,"column":22},"end":{"line":215,"column":23}},"loc":{"start":{"line":215,"column":40},"end":{"line":233,"column":3}},"line":215}},"branchMap":{"0":{"loc":{"start":{"line":28,"column":10},"end":{"line":37,"column":7}},"type":"cond-expr","locations":[{"start":{"line":29,"column":6},"end":{"line":29,"column":20}},{"start":{"line":30,"column":6},"end":{"line":37,"column":7}}],"line":28},"1":{"loc":{"start":{"line":49,"column":4},"end":{"line":70,"column":5}},"type":"if","locations":[{"start":{"line":49,"column":4},"end":{"line":70,"column":5}},{"start":{},"end":{}}],"line":49},"2":{"loc":{"start":{"line":66,"column":10},"end":{"line":66,"column":62}},"type":"cond-expr","locations":[{"start":{"line":66,"column":33},"end":{"line":66,"column":44}},{"start":{"line":66,"column":47},"end":{"line":66,"column":62}}],"line":66},"3":{"loc":{"start":{"line":77,"column":6},"end":{"line":99,"column":7}},"type":"if","locations":[{"start":{"line":77,"column":6},"end":{"line":99,"column":7}},{"start":{},"end":{}}],"line":77},"4":{"loc":{"start":{"line":82,"column":8},"end":{"line":84,"column":9}},"type":"if","locations":[{"start":{"line":82,"column":8},"end":{"line":84,"column":9}},{"start":{},"end":{}}],"line":82},"5":{"loc":{"start":{"line":89,"column":18},"end":{"line":89,"column":49}},"type":"binary-expr","locations":[{"start":{"line":89,"column":18},"end":{"line":89,"column":29}},{"start":{"line":89,"column":33},"end":{"line":89,"column":49}}],"line":89},"6":{"loc":{"start":{"line":106,"column":18},"end":{"line":106,"column":41}},"type":"binary-expr","locations":[{"start":{"line":106,"column":18},"end":{"line":106,"column":31}},{"start":{"line":106,"column":35},"end":{"line":106,"column":41}}],"line":106},"7":{"loc":{"start":{"line":107,"column":16},"end":{"line":107,"column":47}},"type":"binary-expr","locations":[{"start":{"line":107,"column":16},"end":{"line":107,"column":27}},{"start":{"line":107,"column":31},"end":{"line":107,"column":47}}],"line":107},"8":{"loc":{"start":{"line":115,"column":27},"end":{"line":115,"column":79}},"type":"cond-expr","locations":[{"start":{"line":115,"column":50},"end":{"line":115,"column":61}},{"start":{"line":115,"column":64},"end":{"line":115,"column":79}}],"line":115},"9":{"loc":{"start":{"line":124,"column":4},"end":{"line":124,"column":22}},"type":"if","locations":[{"start":{"line":124,"column":4},"end":{"line":124,"column":22}},{"start":{},"end":{}}],"line":124},"10":{"loc":{"start":{"line":128,"column":4},"end":{"line":128,"column":29}},"type":"if","locations":[{"start":{"line":128,"column":4},"end":{"line":128,"column":29}},{"start":{},"end":{}}],"line":128},"11":{"loc":{"start":{"line":139,"column":4},"end":{"line":139,"column":22}},"type":"if","locations":[{"start":{"line":139,"column":4},"end":{"line":139,"column":22}},{"start":{},"end":{}}],"line":139},"12":{"loc":{"start":{"line":154,"column":4},"end":{"line":156,"column":5}},"type":"if","locations":[{"start":{"line":154,"column":4},"end":{"line":156,"column":5}},{"start":{},"end":{}}],"line":154},"13":{"loc":{"start":{"line":161,"column":14},"end":{"line":161,"column":33}},"type":"binary-expr","locations":[{"start":{"line":161,"column":14},"end":{"line":161,"column":27}},{"start":{"line":161,"column":31},"end":{"line":161,"column":33}}],"line":161},"14":{"loc":{"start":{"line":162,"column":15},"end":{"line":162,"column":35}},"type":"binary-expr","locations":[{"start":{"line":162,"column":15},"end":{"line":162,"column":29}},{"start":{"line":162,"column":33},"end":{"line":162,"column":35}}],"line":162},"15":{"loc":{"start":{"line":163,"column":15},"end":{"line":163,"column":37}},"type":"binary-expr","locations":[{"start":{"line":163,"column":15},"end":{"line":163,"column":31}},{"start":{"line":163,"column":35},"end":{"line":163,"column":37}}],"line":163},"16":{"loc":{"start":{"line":172,"column":27},"end":{"line":172,"column":79}},"type":"cond-expr","locations":[{"start":{"line":172,"column":50},"end":{"line":172,"column":61}},{"start":{"line":172,"column":64},"end":{"line":172,"column":79}}],"line":172},"17":{"loc":{"start":{"line":180,"column":4},"end":{"line":182,"column":5}},"type":"if","locations":[{"start":{"line":180,"column":4},"end":{"line":182,"column":5}},{"start":{},"end":{}}],"line":180},"18":{"loc":{"start":{"line":191,"column":8},"end":{"line":191,"column":64}},"type":"cond-expr","locations":[{"start":{"line":191,"column":31},"end":{"line":191,"column":42}},{"start":{"line":191,"column":45},"end":{"line":191,"column":64}}],"line":191},"19":{"loc":{"start":{"line":199,"column":4},"end":{"line":201,"column":5}},"type":"if","locations":[{"start":{"line":199,"column":4},"end":{"line":201,"column":5}},{"start":{},"end":{}}],"line":199},"20":{"loc":{"start":{"line":209,"column":27},"end":{"line":209,"column":79}},"type":"cond-expr","locations":[{"start":{"line":209,"column":50},"end":{"line":209,"column":61}},{"start":{"line":209,"column":64},"end":{"line":209,"column":79}}],"line":209},"21":{"loc":{"start":{"line":217,"column":4},"end":{"line":221,"column":5}},"type":"if","locations":[{"start":{"line":217,"column":4},"end":{"line":221,"column":5}},{"start":{},"end":{}}],"line":217},"22":{"loc":{"start":{"line":229,"column":27},"end":{"line":229,"column":79}},"type":"cond-expr","locations":[{"start":{"line":229,"column":50},"end":{"line":229,"column":61}},{"start":{"line":229,"column":64},"end":{"line":229,"column":79}}],"line":229}},"s":{"0":0,"1":0,"2":0,"3":0,"4":0,"5":0,"6":0,"7":0,"8":0,"9":0,"10":0,"11":0,"12":0,"13":0,"14":0,"15":0,"16":0,"17":0,"18":0,"19":0,"20":0,"21":0,"22":0,"23":0,"24":0,"25":0,"26":0,"27":0,"28":0,"29":0,"30":0,"31":0,"32":0,"33":0,"34":0,"35":0,"36":0,"37":0,"38":0,"39":0,"40":0,"41":0,"42":0,"43":0,"44":0,"45":0,"46":0,"47":0,"48":0,"49":0,"50":0,"51":0,"52":0,"53":0,"54":0,"55":0,"56":0,"57":0,"58":0,"59":0,"60":0,"61":0,"62":0,"63":0,"64":0,"65":0,"66":0,"67":0,"68":0,"69":0,"70":0,"71":0,"72":0,"73":0,"74":0,"75":0,"76":0,"77":0,"78":0,"79":0},"f":{"0":0,"1":0,"2":0,"3":0,"4":0,"5":0,"6":0,"7":0},"b":{"0":[0,0],"1":[0,0],"2":[0,0],"3":[0,0],"4":[0,0],"5":[0,0],"6":[0,0],"7":[0,0],"8":[0,0],"9":[0,0],"10":[0,0],"11":[0,0],"12":[0,0],"13":[0,0],"14":[0,0],"15":[0,0],"16":[0,0],"17":[0,0],"18":[0,0],"19":[0,0],"20":[0,0],"21":[0,0],"22":[0,0]}}
}
