TN:
SF:services\api\client.ts
FN:5,(anonymous_0)
FN:45,(anonymous_1)
FN:52,(anonymous_2)
FNF:3
FNH:0
FNDA:0,(anonymous_0)
FNDA:0,(anonymous_1)
FNDA:0,(anonymous_2)
DA:9,0
DA:10,0
DA:12,0
DA:22,0
DA:23,0
DA:24,0
DA:30,0
DA:33,0
DA:34,0
DA:36,0
DA:37,0
DA:46,0
DA:53,0
DA:59,2
LF:14
LH:1
BRDA:7,0,0,0
BRDA:22,1,0,0
BRDA:22,1,1,0
BRDA:23,2,0,0
BRDA:23,2,1,0
BRDA:40,3,0,0
BRDA:40,3,1,0
BRF:7
BRH:0
end_of_record
TN:
SF:services\api\documents.service.ts
FN:14,normalizeFile
FN:31,(anonymous_1)
FN:72,(anonymous_2)
FN:76,(anonymous_3)
FN:82,(anonymous_4)
FN:112,(anonymous_5)
FN:142,(anonymous_6)
FN:204,(anonymous_7)
FNF:8
FNH:0
FNDA:0,normalizeFile
FNDA:0,(anonymous_1)
FNDA:0,(anonymous_2)
FNDA:0,(anonymous_3)
FNDA:0,(anonymous_4)
FNDA:0,(anonymous_5)
FNDA:0,(anonymous_6)
FNDA:0,(anonymous_7)
DA:15,0
DA:18,0
DA:19,0
DA:20,0
DA:21,0
DA:23,0
DA:27,0
DA:30,0
DA:37,0
DA:38,0
DA:41,0
DA:44,0
DA:47,0
DA:53,0
DA:54,0
DA:58,0
DA:64,0
DA:73,0
DA:77,0
DA:83,0
DA:84,0
DA:85,0
DA:96,0
DA:97,0
DA:100,0
DA:101,0
DA:103,0
DA:104,0
DA:113,0
DA:114,0
DA:115,0
DA:125,0
DA:126,0
DA:129,0
DA:130,0
DA:132,0
DA:133,0
DA:148,0
DA:149,0
DA:158,0
DA:159,0
DA:160,0
DA:168,0
DA:175,0
DA:184,0
DA:192,0
DA:200,0
DA:208,0
DA:209,0
DA:210,0
DA:211,0
DA:212,0
DA:213,0
DA:219,0
DA:220,0
DA:221,0
DA:230,0
DA:231,0
DA:232,0
DA:240,0
DA:247,0
DA:256,0
DA:263,0
DA:271,0
LF:64
LH:0
BRDA:18,0,0,0
BRDA:18,0,1,0
BRDA:18,1,0,0
BRDA:18,1,1,0
BRDA:21,2,0,0
BRDA:21,2,1,0
BRDA:41,3,0,0
BRDA:41,3,1,0
BRDA:48,4,0,0
BRDA:48,4,1,0
BRDA:53,5,0,0
BRDA:53,5,1,0
BRDA:67,6,0,0
BRDA:67,6,1,0
BRDA:96,7,0,0
BRDA:96,7,1,0
BRDA:107,8,0,0
BRDA:107,8,1,0
BRDA:125,9,0,0
BRDA:125,9,1,0
BRDA:136,10,0,0
BRDA:136,10,1,0
BRDA:144,11,0,0
BRDA:145,12,0,0
BRDA:148,13,0,0
BRDA:148,13,1,0
BRDA:148,14,0,0
BRDA:148,14,1,0
BRDA:158,15,0,0
BRDA:158,15,1,0
BRDA:206,16,0,0
BRDA:212,17,0,0
BRDA:212,17,1,0
BRDA:215,18,0,0
BRDA:215,18,1,0
BRDA:219,19,0,0
BRDA:219,19,1,0
BRDA:219,20,0,0
BRDA:219,20,1,0
BRDA:230,21,0,0
BRDA:230,21,1,0
BRF:41
BRH:0
end_of_record
TN:
SF:services\api\doubts.service.ts
FN:12,(anonymous_0)
FN:46,(anonymous_1)
FNF:2
FNH:0
FNDA:0,(anonymous_0)
FNDA:0,(anonymous_1)
DA:11,0
DA:27,0
DA:31,0
DA:32,0
DA:35,0
DA:36,0
DA:39,0
DA:40,0
DA:43,0
DA:47,0
LF:10
LH:0
BRDA:31,0,0,0
BRDA:31,0,1,0
BRDA:31,1,0,0
BRDA:31,1,1,0
BRDA:35,2,0,0
BRDA:35,2,1,0
BRDA:39,3,0,0
BRDA:39,3,1,0
BRDA:46,4,0,0
BRDA:46,5,0,0
BRF:10
BRH:0
end_of_record
TN:
SF:services\api\flashcards.service.ts
FN:14,(anonymous_0)
FN:21,(anonymous_1)
FN:32,(anonymous_2)
FN:44,(anonymous_3)
FNF:4
FNH:4
FNDA:1,(anonymous_0)
FNDA:1,(anonymous_1)
FNDA:1,(anonymous_2)
FNDA:2,(anonymous_3)
DA:10,2
DA:15,1
DA:24,1
DA:33,1
DA:55,2
LF:5
LH:5
BRF:0
BRH:0
end_of_record
TN:
SF:services\api\notes.service.ts
FN:6,(anonymous_0)
FN:10,(anonymous_1)
FNF:2
FNH:0
FNDA:0,(anonymous_0)
FNDA:0,(anonymous_1)
DA:5,0
DA:7,0
DA:11,0
LF:3
LH:0
BRDA:10,0,0,0
BRDA:10,1,0,0
BRF:2
BRH:0
end_of_record
TN:
SF:services\api\questions.service.ts
FN:6,(anonymous_0)
FN:10,(anonymous_1)
FNF:2
FNH:0
FNDA:0,(anonymous_0)
FNDA:0,(anonymous_1)
DA:5,0
DA:7,0
DA:11,0
LF:3
LH:0
BRDA:10,0,0,0
BRDA:10,1,0,0
BRF:2
BRH:0
end_of_record
TN:
SF:services\api\subscription.service.ts
FN:12,(anonymous_0)
FN:16,(anonymous_1)
FN:20,(anonymous_2)
FN:24,(anonymous_3)
FNF:4
FNH:0
FNDA:0,(anonymous_0)
FNDA:0,(anonymous_1)
FNDA:0,(anonymous_2)
FNDA:0,(anonymous_3)
DA:11,0
DA:13,0
DA:17,0
DA:21,0
DA:25,0
LF:5
LH:0
BRF:0
BRH:0
end_of_record
TN:
SF:services\storage\doubts.storage.ts
FN:9,(anonymous_0)
FN:23,(anonymous_1)
FN:34,(anonymous_2)
FNF:3
FNH:0
FNDA:0,(anonymous_0)
FNDA:0,(anonymous_1)
FNDA:0,(anonymous_2)
DA:7,0
DA:9,0
DA:10,0
DA:12,0
DA:14,0
DA:15,0
DA:16,0
DA:18,0
DA:19,0
DA:23,0
DA:27,0
DA:29,0
DA:31,0
DA:34,0
DA:35,0
DA:37,0
DA:39,0
LF:17
LH:0
BRDA:12,0,0,0
BRDA:12,0,1,0
BRDA:16,1,0,0
BRDA:16,1,1,0
BRDA:29,2,0,0
BRDA:29,2,1,0
BRDA:37,3,0,0
BRDA:37,3,1,0
BRF:8
BRH:0
end_of_record
TN:
SF:services\storage\notes.storage.ts
FN:10,(anonymous_0)
FN:19,(anonymous_1)
FN:43,(anonymous_2)
FN:52,(anonymous_3)
FN:93,(anonymous_4)
FN:106,(anonymous_5)
FNF:6
FNH:0
FNDA:0,(anonymous_0)
FNDA:0,(anonymous_1)
FNDA:0,(anonymous_2)
FNDA:0,(anonymous_3)
FNDA:0,(anonymous_4)
FNDA:0,(anonymous_5)
DA:8,0
DA:10,0
DA:11,0
DA:13,0
DA:14,0
DA:15,0
DA:16,0
DA:19,0
DA:33,0
DA:34,0
DA:39,0
DA:40,0
DA:41,0
DA:42,0
DA:43,0
DA:45,0
DA:47,0
DA:48,0
DA:52,0
DA:60,0
DA:63,0
DA:64,0
DA:65,0
DA:69,0
DA:70,0
DA:71,0
DA:73,0
DA:74,0
DA:76,0
DA:85,0
DA:86,0
DA:87,0
DA:89,0
DA:93,0
DA:94,0
DA:96,0
DA:97,0
DA:98,0
DA:102,0
DA:103,0
DA:104,0
DA:105,0
DA:106,0
DA:107,0
DA:108,0
DA:111,0
LF:46
LH:0
BRDA:13,0,0,0
BRDA:13,0,1,0
BRDA:16,1,0,0
BRDA:16,1,1,0
BRDA:22,2,0,0
BRDA:22,2,1,0
BRDA:41,3,0,0
BRDA:41,3,1,0
BRDA:63,4,0,0
BRDA:63,4,1,0
BRDA:71,5,0,0
BRDA:71,5,1,0
BRDA:96,6,0,0
BRDA:96,6,1,0
BRDA:104,7,0,0
BRDA:104,7,1,0
BRF:16
BRH:0
end_of_record
TN:
SF:services\storage\questions.storage.ts
FN:9,(anonymous_0)
FN:37,(anonymous_1)
FN:89,(anonymous_2)
FN:102,(anonymous_3)
FNF:4
FNH:0
FNDA:0,(anonymous_0)
FNDA:0,(anonymous_1)
FNDA:0,(anonymous_2)
FNDA:0,(anonymous_3)
DA:7,0
DA:9,0
DA:12,0
DA:14,0
DA:15,0
DA:16,0
DA:17,0
DA:19,0
DA:20,0
DA:25,0
DA:26,0
DA:27,0
DA:28,0
DA:30,0
DA:32,0
DA:33,0
DA:37,0
DA:47,0
DA:50,0
DA:51,0
DA:52,0
DA:56,0
DA:57,0
DA:58,0
DA:60,0
DA:61,0
DA:63,0
DA:81,0
DA:82,0
DA:83,0
DA:85,0
DA:89,0
DA:90,0
DA:92,0
DA:93,0
DA:94,0
DA:98,0
DA:99,0
DA:100,0
DA:101,0
DA:102,0
DA:103,0
DA:104,0
DA:107,0
LF:44
LH:0
BRDA:14,0,0,0
BRDA:14,0,1,0
BRDA:17,1,0,0
BRDA:17,1,1,0
BRDA:27,2,0,0
BRDA:27,2,1,0
BRDA:50,3,0,0
BRDA:50,3,1,0
BRDA:58,4,0,0
BRDA:58,4,1,0
BRDA:73,5,0,0
BRDA:73,5,1,0
BRDA:92,6,0,0
BRDA:92,6,1,0
BRDA:100,7,0,0
BRDA:100,7,1,0
BRF:16
BRH:0
end_of_record
TN:
SF:store\authStore.ts
FN:18,(anonymous_0)
FN:24,(anonymous_1)
FN:43,(anonymous_2)
FN:66,(anonymous_3)
FN:83,(anonymous_4)
FNF:5
FNH:0
FNDA:0,(anonymous_0)
FNDA:0,(anonymous_1)
FNDA:0,(anonymous_2)
FNDA:0,(anonymous_3)
FNDA:0,(anonymous_4)
DA:18,0
DA:26,0
DA:27,0
DA:28,0
DA:31,0
DA:32,0
DA:33,0
DA:35,0
DA:37,0
DA:39,0
DA:45,0
DA:46,0
DA:47,0
DA:50,0
DA:56,0
DA:60,0
DA:61,0
DA:63,0
DA:68,0
DA:69,0
DA:70,0
DA:73,0
DA:77,0
DA:78,0
DA:80,0
DA:85,0
DA:86,0
DA:87,0
DA:90,0
DA:93,0
DA:95,0
LF:31
LH:0
BRDA:22,0,0,0
BRDA:22,0,1,0
BRDA:26,1,0,0
BRDA:26,1,1,0
BRDA:45,2,0,0
BRDA:45,2,1,0
BRDA:68,3,0,0
BRDA:68,3,1,0
BRDA:85,4,0,0
BRDA:85,4,1,0
BRF:10
BRH:0
end_of_record
TN:
SF:store\documentStore.ts
FN:68,(anonymous_0)
FN:77,(anonymous_1)
FN:96,(anonymous_2)
FN:103,(anonymous_3)
FN:122,(anonymous_4)
FN:158,(anonymous_5)
FN:175,(anonymous_6)
FN:193,(anonymous_7)
FN:198,(anonymous_8)
FN:199,(anonymous_9)
FN:202,(anonymous_10)
FN:217,(anonymous_11)
FN:223,(anonymous_12)
FN:224,(anonymous_13)
FN:248,(anonymous_14)
FN:252,(anonymous_15)
FN:257,(anonymous_16)
FN:258,(anonymous_17)
FN:269,(anonymous_18)
FN:270,(anonymous_19)
FN:277,(anonymous_20)
FN:290,(anonymous_21)
FN:306,(anonymous_22)
FN:319,(anonymous_23)
FN:332,(anonymous_24)
FN:333,(anonymous_25)
FN:386,(anonymous_26)
FN:401,(anonymous_27)
FN:417,(anonymous_28)
FN:434,(anonymous_29)
FN:435,(anonymous_30)
FN:441,(anonymous_31)
FN:454,(anonymous_32)
FN:469,(anonymous_33)
FN:473,(anonymous_34)
FN:485,(anonymous_35)
FN:486,(anonymous_36)
FN:544,(anonymous_37)
FN:555,(anonymous_38)
FN:567,(anonymous_39)
FN:586,inferSubject
FNF:41
FNH:0
FNDA:0,(anonymous_0)
FNDA:0,(anonymous_1)
FNDA:0,(anonymous_2)
FNDA:0,(anonymous_3)
FNDA:0,(anonymous_4)
FNDA:0,(anonymous_5)
FNDA:0,(anonymous_6)
FNDA:0,(anonymous_7)
FNDA:0,(anonymous_8)
FNDA:0,(anonymous_9)
FNDA:0,(anonymous_10)
FNDA:0,(anonymous_11)
FNDA:0,(anonymous_12)
FNDA:0,(anonymous_13)
FNDA:0,(anonymous_14)
FNDA:0,(anonymous_15)
FNDA:0,(anonymous_16)
FNDA:0,(anonymous_17)
FNDA:0,(anonymous_18)
FNDA:0,(anonymous_19)
FNDA:0,(anonymous_20)
FNDA:0,(anonymous_21)
FNDA:0,(anonymous_22)
FNDA:0,(anonymous_23)
FNDA:0,(anonymous_24)
FNDA:0,(anonymous_25)
FNDA:0,(anonymous_26)
FNDA:0,(anonymous_27)
FNDA:0,(anonymous_28)
FNDA:0,(anonymous_29)
FNDA:0,(anonymous_30)
FNDA:0,(anonymous_31)
FNDA:0,(anonymous_32)
FNDA:0,(anonymous_33)
FNDA:0,(anonymous_34)
FNDA:0,(anonymous_35)
FNDA:0,(anonymous_36)
FNDA:0,(anonymous_37)
FNDA:0,(anonymous_38)
FNDA:0,(anonymous_39)
FNDA:0,inferSubject
DA:58,0
DA:63,0
DA:68,0
DA:78,0
DA:79,0
DA:80,0
DA:81,0
DA:82,0
DA:84,0
DA:91,0
DA:92,0
DA:97,0
DA:98,0
DA:99,0
DA:105,0
DA:109,0
DA:110,0
DA:111,0
DA:113,0
DA:116,0
DA:117,0
DA:118,0
DA:121,0
DA:122,0
DA:143,0
DA:148,0
DA:150,0
DA:155,0
DA:158,0
DA:159,0
DA:161,0
DA:166,0
DA:169,0
DA:170,0
DA:171,0
DA:176,0
DA:177,0
DA:178,0
DA:179,0
DA:180,0
DA:182,0
DA:188,0
DA:189,0
DA:194,0
DA:195,0
DA:196,0
DA:197,0
DA:198,0
DA:199,0
DA:202,0
DA:205,0
DA:207,0
DA:208,0
DA:211,0
DA:212,0
DA:213,0
DA:218,0
DA:219,0
DA:220,0
DA:221,0
DA:222,0
DA:223,0
DA:225,0
DA:233,0
DA:235,0
DA:239,0
DA:242,0
DA:243,0
DA:244,0
DA:249,0
DA:253,0
DA:254,0
DA:258,0
DA:270,0
DA:271,0
DA:274,0
DA:275,0
DA:277,0
DA:288,0
DA:289,0
DA:290,0
DA:303,0
DA:306,0
DA:307,0
DA:310,0
DA:311,0
DA:319,0
DA:330,0
DA:332,0
DA:333,0
DA:335,0
DA:336,0
DA:337,0
DA:350,0
DA:354,0
DA:360,0
DA:362,0
DA:368,0
DA:370,0
DA:371,0
DA:372,0
DA:374,0
DA:375,0
DA:382,0
DA:386,0
DA:399,0
DA:401,0
DA:414,0
DA:417,0
DA:430,0
DA:435,0
DA:436,0
DA:439,0
DA:440,0
DA:441,0
DA:452,0
DA:453,0
DA:454,0
DA:467,0
DA:469,0
DA:470,0
DA:473,0
DA:484,0
DA:485,0
DA:486,0
DA:488,0
DA:489,0
DA:490,0
DA:503,0
DA:507,0
DA:512,0
DA:514,0
DA:516,0
DA:517,0
DA:518,0
DA:519,0
DA:520,0
DA:522,0
DA:534,0
DA:540,0
DA:544,0
DA:553,0
DA:555,0
DA:564,0
DA:567,0
DA:580,0
DA:587,0
DA:589,0
DA:595,0
DA:597,0
DA:603,0
DA:605,0
DA:611,0
DA:613,0
DA:619,0
DA:622,0
LF:156
LH:0
BRDA:81,0,0,0
BRDA:81,0,1,0
BRDA:82,1,0,0
BRDA:82,1,1,0
BRDA:85,2,0,0
BRDA:85,2,1,0
BRDA:91,3,0,0
BRDA:91,3,1,0
BRDA:109,4,0,0
BRDA:109,4,1,0
BRDA:109,5,0,0
BRDA:109,5,1,0
BRDA:117,6,0,0
BRDA:117,6,1,0
BRDA:121,7,0,0
BRDA:121,7,1,0
BRDA:121,8,0,0
BRDA:121,8,1,0
BRDA:143,9,0,0
BRDA:143,9,1,0
BRDA:144,10,0,0
BRDA:144,10,1,0
BRDA:144,10,2,0
BRDA:150,11,0,0
BRDA:150,11,1,0
BRDA:151,12,0,0
BRDA:151,12,1,0
BRDA:151,12,2,0
BRDA:163,13,0,0
BRDA:163,13,1,0
BRDA:169,14,0,0
BRDA:169,14,1,0
BRDA:179,15,0,0
BRDA:179,15,1,0
BRDA:183,16,0,0
BRDA:183,16,1,0
BRDA:188,17,0,0
BRDA:188,17,1,0
BRDA:197,18,0,0
BRDA:197,18,1,0
BRDA:207,19,0,0
BRDA:207,19,1,0
BRDA:211,20,0,0
BRDA:211,20,1,0
BRDA:221,21,0,0
BRDA:221,21,1,0
BRDA:221,22,0,0
BRDA:221,22,1,0
BRDA:225,23,0,0
BRDA:225,23,1,0
BRDA:228,24,0,0
BRDA:228,24,1,0
BRDA:236,25,0,0
BRDA:236,25,1,0
BRDA:242,26,0,0
BRDA:242,26,1,0
BRDA:254,27,0,0
BRDA:254,27,1,0
BRDA:271,28,0,0
BRDA:271,28,1,0
BRDA:274,29,0,0
BRDA:274,29,1,0
BRDA:274,30,0,0
BRDA:274,30,1,0
BRDA:281,31,0,0
BRDA:281,31,1,0
BRDA:289,32,0,0
BRDA:289,32,1,0
BRDA:307,33,0,0
BRDA:307,33,1,0
BRDA:315,34,0,0
BRDA:315,34,1,0
BRDA:323,35,0,0
BRDA:323,35,1,0
BRDA:335,36,0,0
BRDA:335,36,1,0
BRDA:336,37,0,0
BRDA:336,37,1,0
BRDA:356,38,0,0
BRDA:356,38,1,0
BRDA:357,39,0,0
BRDA:357,39,1,0
BRDA:365,40,0,0
BRDA:365,40,1,0
BRDA:368,41,0,0
BRDA:368,41,1,0
BRDA:370,42,0,0
BRDA:370,42,1,0
BRDA:371,43,0,0
BRDA:371,43,1,0
BRDA:378,44,0,0
BRDA:378,44,1,0
BRDA:425,45,0,0
BRDA:425,45,1,0
BRDA:436,46,0,0
BRDA:436,46,1,0
BRDA:439,47,0,0
BRDA:439,47,1,0
BRDA:439,48,0,0
BRDA:439,48,1,0
BRDA:445,49,0,0
BRDA:445,49,1,0
BRDA:453,50,0,0
BRDA:453,50,1,0
BRDA:470,51,0,0
BRDA:470,51,1,0
BRDA:477,52,0,0
BRDA:477,52,1,0
BRDA:488,53,0,0
BRDA:488,53,1,0
BRDA:489,54,0,0
BRDA:489,54,1,0
BRDA:509,55,0,0
BRDA:509,55,1,0
BRDA:514,56,0,0
BRDA:514,56,1,0
BRDA:516,57,0,0
BRDA:516,57,1,0
BRDA:517,58,0,0
BRDA:517,58,1,0
BRDA:537,59,0,0
BRDA:537,59,1,0
BRDA:575,60,0,0
BRDA:575,60,1,0
BRDA:589,61,0,0
BRDA:589,61,1,0
BRDA:590,62,0,0
BRDA:590,62,1,0
BRDA:590,62,2,0
BRDA:590,62,3,0
BRDA:597,63,0,0
BRDA:597,63,1,0
BRDA:598,64,0,0
BRDA:598,64,1,0
BRDA:598,64,2,0
BRDA:598,64,3,0
BRDA:605,65,0,0
BRDA:605,65,1,0
BRDA:606,66,0,0
BRDA:606,66,1,0
BRDA:606,66,2,0
BRDA:606,66,3,0
BRDA:613,67,0,0
BRDA:613,67,1,0
BRDA:614,68,0,0
BRDA:614,68,1,0
BRDA:614,68,2,0
BRDA:614,68,3,0
BRF:148
BRH:0
end_of_record
TN:
SF:store\flashcardsStore.ts
FN:29,(anonymous_0)
FN:36,(anonymous_1)
FN:55,(anonymous_2)
FN:77,(anonymous_3)
FN:82,(anonymous_4)
FN:83,(anonymous_5)
FN:98,(anonymous_6)
FN:121,(anonymous_7)
FN:125,(anonymous_8)
FNF:9
FNH:6
FNDA:1,(anonymous_0)
FNDA:3,(anonymous_1)
FNDA:0,(anonymous_2)
FNDA:2,(anonymous_3)
FNDA:1,(anonymous_4)
FNDA:2,(anonymous_5)
FNDA:2,(anonymous_6)
FNDA:0,(anonymous_7)
FNDA:0,(anonymous_8)
DA:29,1
DA:37,3
DA:38,3
DA:39,3
DA:40,3
DA:41,2
DA:43,1
DA:50,0
DA:51,0
DA:56,0
DA:57,0
DA:58,0
DA:59,0
DA:60,0
DA:66,0
DA:72,0
DA:73,0
DA:78,2
DA:79,2
DA:80,2
DA:81,2
DA:82,1
DA:83,2
DA:86,1
DA:88,1
DA:89,1
DA:92,0
DA:93,0
DA:94,0
DA:99,2
DA:100,2
DA:101,2
DA:102,2
DA:104,1
DA:105,1
DA:106,1
DA:108,1
DA:112,1
DA:115,0
DA:116,0
DA:117,0
DA:122,0
DA:126,0
LF:43
LH:25
BRDA:40,0,0,2
BRDA:40,0,1,1
BRDA:41,1,0,2
BRDA:41,1,1,0
BRDA:44,2,0,1
BRDA:44,2,1,0
BRDA:50,3,0,0
BRDA:50,3,1,0
BRDA:59,4,0,0
BRDA:59,4,1,0
BRDA:59,5,0,0
BRDA:59,5,1,0
BRDA:62,6,0,0
BRDA:62,6,1,0
BRDA:67,7,0,0
BRDA:67,7,1,0
BRDA:72,8,0,0
BRDA:72,8,1,0
BRDA:81,9,0,1
BRDA:81,9,1,1
BRDA:88,10,0,1
BRDA:88,10,1,0
BRDA:92,11,0,0
BRDA:92,11,1,0
BRDA:102,12,0,1
BRDA:102,12,1,1
BRDA:102,13,0,2
BRDA:102,13,1,1
BRDA:109,14,0,1
BRDA:109,14,1,0
BRDA:115,15,0,0
BRDA:115,15,1,0
BRF:32
BRH:12
end_of_record
TN:
SF:store\planStore.ts
FN:24,(anonymous_0)
FN:47,(anonymous_1)
FN:120,(anonymous_2)
FN:135,(anonymous_3)
FN:152,(anonymous_4)
FN:178,(anonymous_5)
FN:197,(anonymous_6)
FN:215,(anonymous_7)
FNF:8
FNH:0
FNDA:0,(anonymous_0)
FNDA:0,(anonymous_1)
FNDA:0,(anonymous_2)
FNDA:0,(anonymous_3)
FNDA:0,(anonymous_4)
FNDA:0,(anonymous_5)
FNDA:0,(anonymous_6)
FNDA:0,(anonymous_7)
DA:15,0
DA:24,0
DA:49,0
DA:50,0
DA:51,0
DA:52,0
DA:53,0
DA:66,0
DA:67,0
DA:69,0
DA:72,0
DA:73,0
DA:74,0
DA:77,0
DA:78,0
DA:79,0
DA:82,0
DA:83,0
DA:86,0
DA:87,0
DA:98,0
DA:102,0
DA:103,0
DA:105,0
DA:115,0
DA:116,0
DA:121,0
DA:124,0
DA:127,0
DA:128,0
DA:130,0
DA:131,0
DA:132,0
DA:136,0
DA:139,0
DA:142,0
DA:154,0
DA:155,0
DA:158,0
DA:159,0
DA:160,0
DA:165,0
DA:166,0
DA:172,0
DA:173,0
DA:174,0
DA:180,0
DA:181,0
DA:184,0
DA:185,0
DA:186,0
DA:187,0
DA:188,0
DA:191,0
DA:192,0
DA:193,0
DA:199,0
DA:200,0
DA:203,0
DA:204,0
DA:205,0
DA:206,0
DA:207,0
DA:209,0
DA:210,0
DA:211,0
DA:217,0
DA:218,0
DA:223,0
DA:224,0
DA:225,0
DA:226,0
DA:227,0
DA:229,0
DA:230,0
DA:231,0
LF:76
LH:0
BRDA:28,0,0,0
BRDA:28,0,1,0
BRDA:49,1,0,0
BRDA:49,1,1,0
BRDA:66,2,0,0
BRDA:66,2,1,0
BRDA:77,3,0,0
BRDA:77,3,1,0
BRDA:82,4,0,0
BRDA:82,4,1,0
BRDA:89,5,0,0
BRDA:89,5,1,0
BRDA:106,6,0,0
BRDA:106,6,1,0
BRDA:107,7,0,0
BRDA:107,7,1,0
BRDA:115,8,0,0
BRDA:115,8,1,0
BRDA:124,9,0,0
BRDA:124,9,1,0
BRDA:128,10,0,0
BRDA:128,10,1,0
BRDA:139,11,0,0
BRDA:139,11,1,0
BRDA:154,12,0,0
BRDA:154,12,1,0
BRDA:161,13,0,0
BRDA:161,13,1,0
BRDA:162,14,0,0
BRDA:162,14,1,0
BRDA:163,15,0,0
BRDA:163,15,1,0
BRDA:172,16,0,0
BRDA:172,16,1,0
BRDA:180,17,0,0
BRDA:180,17,1,0
BRDA:191,18,0,0
BRDA:191,18,1,0
BRDA:199,19,0,0
BRDA:199,19,1,0
BRDA:209,20,0,0
BRDA:209,20,1,0
BRDA:217,21,0,0
BRDA:217,21,1,0
BRDA:229,22,0,0
BRDA:229,22,1,0
BRF:46
BRH:0
end_of_record
